2021-06-22 15:10:13.137	info	E:/turingcms/server/initialize/ormlogger.go:33	replacing callback `%v` from %v
	{"": ["e:/projectgo/pkg/mod/gorm.io/driver/mysql@v1.0.5/mysql.go:68","gorm:update","e:/projectgo/pkg/mod/gorm.io/driver/mysql@v1.0.5/mysql.go:68"]}
2021-06-22 15:10:13.475	info	E:/turingcms/server/initialize/ormlogger.go:74	E:/turingcms/server/initialize/database.go:57	{"time": 29.9221, "rows": "-", "sql": "SELECT DATABASE()"}
2021-06-22 15:10:13.534	info	E:/turingcms/server/initialize/ormlogger.go:74	E:/turingcms/server/initialize/database.go:57	{"time": 58.7149, "rows": "-", "sql": "SELECT count(*) FROM information_schema.tables WHERE table_schema = 'dbgmn' AND table_name = 'turing_user' AND table_type = 'BASE TABLE'"}
2021-06-22 15:10:13.594	info	E:/turingcms/server/initialize/ormlogger.go:74	e:/projectgo/pkg/mod/gorm.io/driver/mysql@v1.0.5/migrator.go:194	{"time": 28.9634, "rows": "-", "sql": "SELECT DATABASE()"}
2021-06-22 15:10:13.654	info	E:/turingcms/server/initialize/ormlogger.go:74	e:/projectgo/pkg/mod/gorm.io/driver/mysql@v1.0.5/migrator.go:203	{"time": 59.3051, "rows": "-", "sql": "SELECT column_name, is_nullable, data_type, character_maximum_length, numeric_precision, numeric_scale FROM information_schema.columns WHERE table_schema = 'dbgmn' AND table_name = 'turing_user'"}
2021-06-22 15:10:13.685	info	E:/turingcms/server/initialize/ormlogger.go:74	E:/turingcms/server/initialize/database.go:57	{"time": 30.4446, "rows": "-", "sql": "SELECT DATABASE()"}
2021-06-22 15:10:13.768	info	E:/turingcms/server/initialize/ormlogger.go:74	E:/turingcms/server/initialize/database.go:57	{"time": 80.3515, "rows": "-", "sql": "SELECT count(*) FROM information_schema.statistics WHERE table_schema = 'dbgmn' AND table_name = 'turing_user' AND index_name = 'openid'"}
2021-06-22 15:10:13.803	info	E:/turingcms/server/initialize/ormlogger.go:74	E:/turingcms/server/initialize/database.go:57	{"time": 33.9348, "rows": "-", "sql": "SELECT DATABASE()"}
2021-06-22 15:10:13.859	info	E:/turingcms/server/initialize/ormlogger.go:74	E:/turingcms/server/initialize/database.go:57	{"time": 55.4056, "rows": "-", "sql": "SELECT count(*) FROM information_schema.statistics WHERE table_schema = 'dbgmn' AND table_name = 'turing_user' AND index_name = 'mobile'"}
2021-06-22 15:10:13.892	info	E:/turingcms/server/initialize/ormlogger.go:74	E:/turingcms/server/initialize/database.go:57	{"time": 31.4281, "rows": "-", "sql": "SELECT DATABASE()"}
2021-06-22 15:10:13.962	info	E:/turingcms/server/initialize/ormlogger.go:74	E:/turingcms/server/initialize/database.go:57	{"time": 68.5831, "rows": "-", "sql": "SELECT count(*) FROM information_schema.tables WHERE table_schema = 'dbgmn' AND table_name = 'turing_product' AND table_type = 'BASE TABLE'"}
2021-06-22 15:10:13.993	info	E:/turingcms/server/initialize/ormlogger.go:74	e:/projectgo/pkg/mod/gorm.io/driver/mysql@v1.0.5/migrator.go:194	{"time": 30.4288, "rows": "-", "sql": "SELECT DATABASE()"}
2021-06-22 15:10:14.049	info	E:/turingcms/server/initialize/ormlogger.go:74	e:/projectgo/pkg/mod/gorm.io/driver/mysql@v1.0.5/migrator.go:203	{"time": 54.9401, "rows": "-", "sql": "SELECT column_name, is_nullable, data_type, character_maximum_length, numeric_precision, numeric_scale FROM information_schema.columns WHERE table_schema = 'dbgmn' AND table_name = 'turing_product'"}
2021-06-22 15:10:14.111	info	E:/turingcms/server/initialize/ormlogger.go:74	E:/turingcms/server/initialize/database.go:57	{"time": 56.3706, "rows": "-", "sql": "SELECT DATABASE()"}
2021-06-22 15:10:14.168	info	E:/turingcms/server/initialize/ormlogger.go:74	E:/turingcms/server/initialize/database.go:57	{"time": 56.7952, "rows": "-", "sql": "SELECT count(*) FROM information_schema.tables WHERE table_schema = 'dbgmn' AND table_name = 'turing_item' AND table_type = 'BASE TABLE'"}
2021-06-22 15:10:14.201	info	E:/turingcms/server/initialize/ormlogger.go:74	e:/projectgo/pkg/mod/gorm.io/driver/mysql@v1.0.5/migrator.go:194	{"time": 30.4379, "rows": "-", "sql": "SELECT DATABASE()"}
2021-06-22 15:10:14.268	info	E:/turingcms/server/initialize/ormlogger.go:74	e:/projectgo/pkg/mod/gorm.io/driver/mysql@v1.0.5/migrator.go:203	{"time": 66.4768, "rows": "-", "sql": "SELECT column_name, is_nullable, data_type, character_maximum_length, numeric_precision, numeric_scale FROM information_schema.columns WHERE table_schema = 'dbgmn' AND table_name = 'turing_item'"}
2021-06-22 15:10:14.304	info	E:/turingcms/server/initialize/ormlogger.go:76	e:/projectgo/pkg/mod/gorm.io/driver/mysql@v1.0.5/migrator.go:83	{"time": 33.4396, "rows": 0, "sql": "ALTER TABLE `turing_item` MODIFY COLUMN `member_id` bigint(20) COMMENT '会员ID'"}
2021-06-22 15:10:14.335	info	E:/turingcms/server/initialize/ormlogger.go:76	e:/projectgo/pkg/mod/gorm.io/driver/mysql@v1.0.5/migrator.go:83	{"time": 30.4413, "rows": 0, "sql": "ALTER TABLE `turing_item` MODIFY COLUMN `staff_id` bigint(20) COMMENT '店员ID'"}
2021-06-22 15:10:14.368	info	E:/turingcms/server/initialize/ormlogger.go:76	e:/projectgo/pkg/mod/gorm.io/driver/mysql@v1.0.5/migrator.go:83	{"time": 31.4389, "rows": 0, "sql": "ALTER TABLE `turing_item` MODIFY COLUMN `product_id` bigint(20) COMMENT '产品ID'"}
2021-06-22 15:10:14.400	info	E:/turingcms/server/initialize/ormlogger.go:76	e:/projectgo/pkg/mod/gorm.io/driver/mysql@v1.0.5/migrator.go:83	{"time": 29.7782, "rows": 0, "sql": "ALTER TABLE `turing_item` MODIFY COLUMN `act_id` bigint(20) COMMENT '活动编号'"}
2021-06-22 15:10:14.436	info	E:/turingcms/server/initialize/ormlogger.go:76	e:/projectgo/pkg/mod/gorm.io/driver/mysql@v1.0.5/migrator.go:83	{"time": 34.5768, "rows": 0, "sql": "ALTER TABLE `turing_item` MODIFY COLUMN `posi_no` int(11) COMMENT '对应红包位'"}
2021-06-22 15:10:14.464	info	E:/turingcms/server/initialize/ormlogger.go:74	E:/turingcms/server/initialize/database.go:57	{"time": 26.4398, "rows": "-", "sql": "SELECT DATABASE()"}
2021-06-22 15:10:14.524	info	E:/turingcms/server/initialize/ormlogger.go:74	E:/turingcms/server/initialize/database.go:57	{"time": 58.9299, "rows": "-", "sql": "SELECT count(*) FROM information_schema.statistics WHERE table_schema = 'dbgmn' AND table_name = 'turing_item' AND index_name = 'serialNo'"}
2021-06-22 15:10:14.555	info	E:/turingcms/server/initialize/ormlogger.go:74	E:/turingcms/server/initialize/database.go:57	{"time": 29.9847, "rows": "-", "sql": "SELECT DATABASE()"}
2021-06-22 15:10:14.625	info	E:/turingcms/server/initialize/ormlogger.go:74	E:/turingcms/server/initialize/database.go:57	{"time": 68.0327, "rows": "-", "sql": "SELECT count(*) FROM information_schema.statistics WHERE table_schema = 'dbgmn' AND table_name = 'turing_item' AND index_name = 'traceId'"}
2021-06-22 15:10:14.652	info	E:/turingcms/server/initialize/ormlogger.go:74	E:/turingcms/server/initialize/database.go:57	{"time": 26.441, "rows": "-", "sql": "SELECT DATABASE()"}
2021-06-22 15:10:14.727	info	E:/turingcms/server/initialize/ormlogger.go:74	E:/turingcms/server/initialize/database.go:57	{"time": 73.6608, "rows": "-", "sql": "SELECT count(*) FROM information_schema.tables WHERE table_schema = 'dbgmn' AND table_name = 'turing_weixin' AND table_type = 'BASE TABLE'"}
2021-06-22 15:10:14.754	info	E:/turingcms/server/initialize/ormlogger.go:74	e:/projectgo/pkg/mod/gorm.io/driver/mysql@v1.0.5/migrator.go:194	{"time": 26.4412, "rows": "-", "sql": "SELECT DATABASE()"}
2021-06-22 15:10:14.829	info	E:/turingcms/server/initialize/ormlogger.go:74	e:/projectgo/pkg/mod/gorm.io/driver/mysql@v1.0.5/migrator.go:203	{"time": 74.3157, "rows": "-", "sql": "SELECT column_name, is_nullable, data_type, character_maximum_length, numeric_precision, numeric_scale FROM information_schema.columns WHERE table_schema = 'dbgmn' AND table_name = 'turing_weixin'"}
2021-06-22 15:10:14.871	info	E:/turingcms/server/initialize/ormlogger.go:74	E:/turingcms/server/initialize/database.go:57	{"time": 40.9845, "rows": "-", "sql": "SELECT DATABASE()"}
2021-06-22 15:10:14.937	info	E:/turingcms/server/initialize/ormlogger.go:74	E:/turingcms/server/initialize/database.go:57	{"time": 64.5737, "rows": "-", "sql": "SELECT count(*) FROM information_schema.statistics WHERE table_schema = 'dbgmn' AND table_name = 'turing_weixin' AND index_name = 'appid'"}
2021-06-22 15:10:14.968	info	E:/turingcms/server/initialize/ormlogger.go:74	E:/turingcms/server/initialize/database.go:57	{"time": 29.0165, "rows": "-", "sql": "SELECT DATABASE()"}
2021-06-22 15:10:15.032	info	E:/turingcms/server/initialize/ormlogger.go:74	E:/turingcms/server/initialize/database.go:57	{"time": 62.0699, "rows": "-", "sql": "SELECT count(*) FROM information_schema.tables WHERE table_schema = 'dbgmn' AND table_name = 'turing_qa' AND table_type = 'BASE TABLE'"}
2021-06-22 15:10:15.062	info	E:/turingcms/server/initialize/ormlogger.go:74	e:/projectgo/pkg/mod/gorm.io/driver/mysql@v1.0.5/migrator.go:194	{"time": 26.4635, "rows": "-", "sql": "SELECT DATABASE()"}
2021-06-22 15:10:15.138	info	E:/turingcms/server/initialize/ormlogger.go:74	e:/projectgo/pkg/mod/gorm.io/driver/mysql@v1.0.5/migrator.go:203	{"time": 74.8515, "rows": "-", "sql": "SELECT column_name, is_nullable, data_type, character_maximum_length, numeric_precision, numeric_scale FROM information_schema.columns WHERE table_schema = 'dbgmn' AND table_name = 'turing_qa'"}
2021-06-22 15:10:15.170	info	E:/turingcms/server/initialize/ormlogger.go:74	E:/turingcms/server/initialize/database.go:57	{"time": 30.4303, "rows": "-", "sql": "SELECT DATABASE()"}
2021-06-22 15:10:15.237	info	E:/turingcms/server/initialize/ormlogger.go:74	E:/turingcms/server/initialize/database.go:57	{"time": 66.107, "rows": "-", "sql": "SELECT count(*) FROM information_schema.tables WHERE table_schema = 'dbgmn' AND table_name = 'turing_appraise' AND table_type = 'BASE TABLE'"}
2021-06-22 15:10:15.267	info	E:/turingcms/server/initialize/ormlogger.go:74	e:/projectgo/pkg/mod/gorm.io/driver/mysql@v1.0.5/migrator.go:194	{"time": 28.44, "rows": "-", "sql": "SELECT DATABASE()"}
2021-06-22 15:10:15.328	info	E:/turingcms/server/initialize/ormlogger.go:74	e:/projectgo/pkg/mod/gorm.io/driver/mysql@v1.0.5/migrator.go:203	{"time": 58.9256, "rows": "-", "sql": "SELECT column_name, is_nullable, data_type, character_maximum_length, numeric_precision, numeric_scale FROM information_schema.columns WHERE table_schema = 'dbgmn' AND table_name = 'turing_appraise'"}
2021-06-22 15:10:15.357	info	E:/turingcms/server/initialize/ormlogger.go:74	E:/turingcms/server/initialize/database.go:57	{"time": 27.9334, "rows": "-", "sql": "SELECT DATABASE()"}
2021-06-22 15:10:15.415	info	E:/turingcms/server/initialize/ormlogger.go:74	E:/turingcms/server/initialize/database.go:57	{"time": 57.1362, "rows": "-", "sql": "SELECT count(*) FROM information_schema.tables WHERE table_schema = 'dbgmn' AND table_name = 'turing_activity' AND table_type = 'BASE TABLE'"}
2021-06-22 15:10:15.445	info	E:/turingcms/server/initialize/ormlogger.go:74	e:/projectgo/pkg/mod/gorm.io/driver/mysql@v1.0.5/migrator.go:194	{"time": 27.4824, "rows": "-", "sql": "SELECT DATABASE()"}
2021-06-22 15:10:15.505	info	E:/turingcms/server/initialize/ormlogger.go:74	e:/projectgo/pkg/mod/gorm.io/driver/mysql@v1.0.5/migrator.go:203	{"time": 57.7939, "rows": "-", "sql": "SELECT column_name, is_nullable, data_type, character_maximum_length, numeric_precision, numeric_scale FROM information_schema.columns WHERE table_schema = 'dbgmn' AND table_name = 'turing_activity'"}
2021-06-22 15:10:15.544	info	E:/turingcms/server/initialize/ormlogger.go:76	e:/projectgo/pkg/mod/gorm.io/driver/mysql@v1.0.5/migrator.go:83	{"time": 37.4094, "rows": 0, "sql": "ALTER TABLE `turing_activity` MODIFY COLUMN `product_id` bigint(20) COMMENT '\\'产品ID\\''"}
2021-06-22 15:10:15.573	info	E:/turingcms/server/initialize/ormlogger.go:74	E:/turingcms/server/initialize/database.go:57	{"time": 28.956, "rows": "-", "sql": "SELECT DATABASE()"}
2021-06-22 15:10:15.639	info	E:/turingcms/server/initialize/ormlogger.go:74	E:/turingcms/server/initialize/database.go:57	{"time": 64.3702, "rows": "-", "sql": "SELECT count(*) FROM information_schema.tables WHERE table_schema = 'dbgmn' AND table_name = 'turing_dict' AND table_type = 'BASE TABLE'"}
2021-06-22 15:10:15.674	info	E:/turingcms/server/initialize/ormlogger.go:74	e:/projectgo/pkg/mod/gorm.io/driver/mysql@v1.0.5/migrator.go:194	{"time": 33.4652, "rows": "-", "sql": "SELECT DATABASE()"}
2021-06-22 15:10:15.744	info	E:/turingcms/server/initialize/ormlogger.go:74	e:/projectgo/pkg/mod/gorm.io/driver/mysql@v1.0.5/migrator.go:203	{"time": 70.1491, "rows": "-", "sql": "SELECT column_name, is_nullable, data_type, character_maximum_length, numeric_precision, numeric_scale FROM information_schema.columns WHERE table_schema = 'dbgmn' AND table_name = 'turing_dict'"}
2021-06-22 15:10:15.776	info	E:/turingcms/server/initialize/ormlogger.go:74	E:/turingcms/server/initialize/database.go:57	{"time": 30.4329, "rows": "-", "sql": "SELECT DATABASE()"}
2021-06-22 15:10:15.832	info	E:/turingcms/server/initialize/ormlogger.go:74	E:/turingcms/server/initialize/database.go:57	{"time": 55.0563, "rows": "-", "sql": "SELECT count(*) FROM information_schema.tables WHERE table_schema = 'dbgmn' AND table_name = 'turing_article' AND table_type = 'BASE TABLE'"}
2021-06-22 15:10:15.862	info	E:/turingcms/server/initialize/ormlogger.go:74	e:/projectgo/pkg/mod/gorm.io/driver/mysql@v1.0.5/migrator.go:194	{"time": 27.4516, "rows": "-", "sql": "SELECT DATABASE()"}
2021-06-22 15:10:15.922	info	E:/turingcms/server/initialize/ormlogger.go:74	e:/projectgo/pkg/mod/gorm.io/driver/mysql@v1.0.5/migrator.go:203	{"time": 60.3672, "rows": "-", "sql": "SELECT column_name, is_nullable, data_type, character_maximum_length, numeric_precision, numeric_scale FROM information_schema.columns WHERE table_schema = 'dbgmn' AND table_name = 'turing_article'"}
2021-06-22 15:10:15.960	info	E:/turingcms/server/initialize/ormlogger.go:74	E:/turingcms/server/initialize/database.go:57	{"time": 35.9976, "rows": "-", "sql": "SELECT DATABASE()"}
2021-06-22 15:10:16.021	info	E:/turingcms/server/initialize/ormlogger.go:74	E:/turingcms/server/initialize/database.go:57	{"time": 60.8422, "rows": "-", "sql": "SELECT count(*) FROM information_schema.tables WHERE table_schema = 'dbgmn' AND table_name = 'turing_detect' AND table_type = 'BASE TABLE'"}
2021-06-22 15:10:16.055	info	E:/turingcms/server/initialize/ormlogger.go:74	e:/projectgo/pkg/mod/gorm.io/driver/mysql@v1.0.5/migrator.go:194	{"time": 34.4726, "rows": "-", "sql": "SELECT DATABASE()"}
2021-06-22 15:10:16.112	info	E:/turingcms/server/initialize/ormlogger.go:74	e:/projectgo/pkg/mod/gorm.io/driver/mysql@v1.0.5/migrator.go:203	{"time": 55.364, "rows": "-", "sql": "SELECT column_name, is_nullable, data_type, character_maximum_length, numeric_precision, numeric_scale FROM information_schema.columns WHERE table_schema = 'dbgmn' AND table_name = 'turing_detect'"}
2021-06-22 15:10:16.144	info	E:/turingcms/server/initialize/ormlogger.go:74	E:/turingcms/server/initialize/database.go:57	{"time": 30.4283, "rows": "-", "sql": "SELECT DATABASE()"}
2021-06-22 15:10:16.201	info	E:/turingcms/server/initialize/ormlogger.go:74	E:/turingcms/server/initialize/database.go:57	{"time": 56.8864, "rows": "-", "sql": "SELECT count(*) FROM information_schema.tables WHERE table_schema = 'dbgmn' AND table_name = 'turing_bead' AND table_type = 'BASE TABLE'"}
2021-06-22 15:10:16.230	info	E:/turingcms/server/initialize/ormlogger.go:74	e:/projectgo/pkg/mod/gorm.io/driver/mysql@v1.0.5/migrator.go:194	{"time": 27.4349, "rows": "-", "sql": "SELECT DATABASE()"}
2021-06-22 15:10:16.308	info	E:/turingcms/server/initialize/ormlogger.go:74	e:/projectgo/pkg/mod/gorm.io/driver/mysql@v1.0.5/migrator.go:203	{"time": 77.3212, "rows": "-", "sql": "SELECT column_name, is_nullable, data_type, character_maximum_length, numeric_precision, numeric_scale FROM information_schema.columns WHERE table_schema = 'dbgmn' AND table_name = 'turing_bead'"}
2021-06-22 15:10:16.337	info	E:/turingcms/server/initialize/ormlogger.go:74	E:/turingcms/server/initialize/database.go:57	{"time": 27.4505, "rows": "-", "sql": "SELECT DATABASE()"}
2021-06-22 15:10:16.393	info	E:/turingcms/server/initialize/ormlogger.go:74	E:/turingcms/server/initialize/database.go:57	{"time": 55.1717, "rows": "-", "sql": "SELECT count(*) FROM information_schema.tables WHERE table_schema = 'dbgmn' AND table_name = 'turing_score' AND table_type = 'BASE TABLE'"}
2021-06-22 15:10:16.424	info	E:/turingcms/server/initialize/ormlogger.go:74	e:/projectgo/pkg/mod/gorm.io/driver/mysql@v1.0.5/migrator.go:194	{"time": 29.9709, "rows": "-", "sql": "SELECT DATABASE()"}
2021-06-22 15:10:16.503	info	E:/turingcms/server/initialize/ormlogger.go:74	e:/projectgo/pkg/mod/gorm.io/driver/mysql@v1.0.5/migrator.go:203	{"time": 78.2806, "rows": "-", "sql": "SELECT column_name, is_nullable, data_type, character_maximum_length, numeric_precision, numeric_scale FROM information_schema.columns WHERE table_schema = 'dbgmn' AND table_name = 'turing_score'"}
2021-06-22 15:10:16.532	info	E:/turingcms/server/initialize/ormlogger.go:74	E:/turingcms/server/initialize/database.go:57	{"time": 27.4542, "rows": "-", "sql": "SELECT DATABASE()"}
2021-06-22 15:10:16.618	info	E:/turingcms/server/initialize/ormlogger.go:74	E:/turingcms/server/initialize/database.go:57	{"time": 83.5724, "rows": "-", "sql": "SELECT count(*) FROM information_schema.tables WHERE table_schema = 'dbgmn' AND table_name = 'turing_charge' AND table_type = 'BASE TABLE'"}
2021-06-22 15:10:16.647	info	E:/turingcms/server/initialize/ormlogger.go:74	e:/projectgo/pkg/mod/gorm.io/driver/mysql@v1.0.5/migrator.go:194	{"time": 27.4456, "rows": "-", "sql": "SELECT DATABASE()"}
2021-06-22 15:10:16.737	info	E:/turingcms/server/initialize/ormlogger.go:74	e:/projectgo/pkg/mod/gorm.io/driver/mysql@v1.0.5/migrator.go:203	{"time": 88.6388, "rows": "-", "sql": "SELECT column_name, is_nullable, data_type, character_maximum_length, numeric_precision, numeric_scale FROM information_schema.columns WHERE table_schema = 'dbgmn' AND table_name = 'turing_charge'"}
2021-06-22 15:10:16.774	info	E:/turingcms/server/initialize/ormlogger.go:74	E:/turingcms/server/initialize/database.go:57	{"time": 35.9401, "rows": "-", "sql": "SELECT DATABASE()"}
2021-06-22 15:10:16.829	info	E:/turingcms/server/initialize/ormlogger.go:74	E:/turingcms/server/initialize/database.go:57	{"time": 55.3632, "rows": "-", "sql": "SELECT count(*) FROM information_schema.tables WHERE table_schema = 'dbgmn' AND table_name = 'turing_coupon' AND table_type = 'BASE TABLE'"}
2021-06-22 15:10:16.860	info	E:/turingcms/server/initialize/ormlogger.go:74	e:/projectgo/pkg/mod/gorm.io/driver/mysql@v1.0.5/migrator.go:194	{"time": 29.4677, "rows": "-", "sql": "SELECT DATABASE()"}
2021-06-22 15:10:16.918	info	E:/turingcms/server/initialize/ormlogger.go:74	e:/projectgo/pkg/mod/gorm.io/driver/mysql@v1.0.5/migrator.go:203	{"time": 57.7812, "rows": "-", "sql": "SELECT column_name, is_nullable, data_type, character_maximum_length, numeric_precision, numeric_scale FROM information_schema.columns WHERE table_schema = 'dbgmn' AND table_name = 'turing_coupon'"}
2021-06-22 15:10:16.945	info	E:/turingcms/server/initialize/ormlogger.go:74	E:/turingcms/server/initialize/database.go:57	{"time": 26.4477, "rows": "-", "sql": "SELECT DATABASE()"}
2021-06-22 15:10:17.008	info	E:/turingcms/server/initialize/ormlogger.go:74	E:/turingcms/server/initialize/database.go:57	{"time": 61.306, "rows": "-", "sql": "SELECT count(*) FROM information_schema.tables WHERE table_schema = 'dbgmn' AND table_name = 'turing_cprecord' AND table_type = 'BASE TABLE'"}
2021-06-22 15:10:17.043	info	E:/turingcms/server/initialize/ormlogger.go:74	e:/projectgo/pkg/mod/gorm.io/driver/mysql@v1.0.5/migrator.go:194	{"time": 34.4203, "rows": "-", "sql": "SELECT DATABASE()"}
2021-06-22 15:10:17.108	info	E:/turingcms/server/initialize/ormlogger.go:74	e:/projectgo/pkg/mod/gorm.io/driver/mysql@v1.0.5/migrator.go:203	{"time": 64.2422, "rows": "-", "sql": "SELECT column_name, is_nullable, data_type, character_maximum_length, numeric_precision, numeric_scale FROM information_schema.columns WHERE table_schema = 'dbgmn' AND table_name = 'turing_cprecord'"}
2021-06-22 15:10:17.254	info	E:/turingcms/server/initialize/ormlogger.go:76	E:/turingcms/server/service/user.go:19	{"time": 58.0114, "rows": 1, "sql": "SELECT * FROM `turing_user` WHERE mobile = '15367151352' ORDER BY `turing_user`.`id` LIMIT 1"}
2021-06-22 15:10:17.285	debug	E:/turingcms/server/initialize/router.go:37	[√]完成控制器解析 
2021-06-22 15:10:17.286	info	E:/turingcms/server/main.go:66	run @	{"port": 8097, "board=": "http://gmn.techidea8.com/"}
2021-06-22 15:13:06.052	info	E:/turingcms/server/initialize/ormlogger.go:33	replacing callback `%v` from %v
	{"": ["e:/projectgo/pkg/mod/gorm.io/driver/mysql@v1.0.5/mysql.go:68","gorm:update","e:/projectgo/pkg/mod/gorm.io/driver/mysql@v1.0.5/mysql.go:68"]}
2021-06-22 15:13:06.361	info	E:/turingcms/server/initialize/ormlogger.go:74	E:/turingcms/server/initialize/database.go:57	{"time": 33.9682, "rows": "-", "sql": "SELECT DATABASE()"}
2021-06-22 15:13:06.427	info	E:/turingcms/server/initialize/ormlogger.go:74	E:/turingcms/server/initialize/database.go:57	{"time": 65.8081, "rows": "-", "sql": "SELECT count(*) FROM information_schema.tables WHERE table_schema = 'dbwebsite' AND table_name = 'turing_user' AND table_type = 'BASE TABLE'"}
2021-06-22 15:13:06.479	info	E:/turingcms/server/initialize/ormlogger.go:76	E:/turingcms/server/initialize/database.go:57	{"time": 48.9134, "rows": 0, "sql": "CREATE TABLE `turing_user` (`id` bigint unsigned AUTO_INCREMENT,`create_at` datetime COMMENT '创建时间',`update_at` datetime COMMENT '更新时间',`delete_at` datetime COMMENT '删除时间',`deleted` bigint COMMENT '删除状态',`head_image` varchar(150) COMMENT '用户头像',`nick_name` varchar(32) COMMENT '用户昵称',`mobile` varchar(13) COMMENT '用户手机号',`open_id` varchar(40) COMMENT '用户的OPENID',`passwd` varchar(120) COMMENT '用户密码',`role` int(11) COMMENT '7超管',`charge` int(11) DEFAULT 0 COMMENT '充钱金额',`score` int(11) DEFAULT 0 COMMENT '积分',`expire_at` datetime COMMENT '过期时间',PRIMARY KEY (`id`),INDEX mobile (`mobile`),INDEX openid (`open_id`))"}
2021-06-22 15:13:06.512	info	E:/turingcms/server/initialize/ormlogger.go:74	E:/turingcms/server/initialize/database.go:57	{"time": 32.4333, "rows": "-", "sql": "SELECT DATABASE()"}
2021-06-22 15:13:06.592	info	E:/turingcms/server/initialize/ormlogger.go:74	E:/turingcms/server/initialize/database.go:57	{"time": 78.4823, "rows": "-", "sql": "SELECT count(*) FROM information_schema.tables WHERE table_schema = 'dbwebsite' AND table_name = 'turing_product' AND table_type = 'BASE TABLE'"}
2021-06-22 15:13:06.723	info	E:/turingcms/server/initialize/ormlogger.go:76	E:/turingcms/server/initialize/database.go:57	{"time": 126.6541, "rows": 0, "sql": "CREATE TABLE `turing_product` (`id` bigint unsigned AUTO_INCREMENT,`create_at` datetime COMMENT '创建时间',`update_at` datetime COMMENT '更新时间',`delete_at` datetime COMMENT '删除时间',`deleted` bigint COMMENT '删除状态',`name` varchar(120) COMMENT '产品名称',`probability` varchar(1024) COMMENT '获奖几率,百分比',`area` text COMMENT '红包开放地域',PRIMARY KEY (`id`))"}
2021-06-22 15:13:06.758	info	E:/turingcms/server/initialize/ormlogger.go:74	E:/turingcms/server/initialize/database.go:57	{"time": 33.1048, "rows": "-", "sql": "SELECT DATABASE()"}
2021-06-22 15:13:06.828	info	E:/turingcms/server/initialize/ormlogger.go:74	E:/turingcms/server/initialize/database.go:57	{"time": 67.8927, "rows": "-", "sql": "SELECT count(*) FROM information_schema.tables WHERE table_schema = 'dbwebsite' AND table_name = 'turing_item' AND table_type = 'BASE TABLE'"}
2021-06-22 15:13:06.887	info	E:/turingcms/server/initialize/ormlogger.go:76	E:/turingcms/server/initialize/database.go:57	{"time": 58.3586, "rows": 0, "sql": "CREATE TABLE `turing_item` (`id` bigint unsigned AUTO_INCREMENT,`create_at` datetime COMMENT '创建时间',`update_at` datetime COMMENT '更新时间',`delete_at` datetime COMMENT '删除时间',`deleted` bigint COMMENT '删除状态',`product_id` bigint(20) COMMENT '产品ID',`member_id` bigint(20) COMMENT '会员ID',`act_id` bigint(20) COMMENT '活动编号',`staff_id` bigint(20) COMMENT '店员ID',`amt` int(11) DEFAULT 0 COMMENT '红包金额',`trace_id` varchar(32) COMMENT '溯源码',`serial_no` varchar(32) COMMENT '产品二维码',`req_at` datetime COMMENT '领取时间',`client_info` varchar(120) COMMENT '客户端信息',`reason` varchar(512) COMMENT '失败原因',`state` int(11) COMMENT '红包状态1尚未核销',`result` int(11) COMMENT '发送状态1失败',`posi_no` int(11) COMMENT '对应红包位',PRIMARY KEY (`id`),INDEX serialNo (`serial_no`),INDEX traceId (`trace_id`))"}
2021-06-22 15:13:06.924	info	E:/turingcms/server/initialize/ormlogger.go:74	E:/turingcms/server/initialize/database.go:57	{"time": 34.4225, "rows": "-", "sql": "SELECT DATABASE()"}
2021-06-22 15:13:07.002	info	E:/turingcms/server/initialize/ormlogger.go:74	E:/turingcms/server/initialize/database.go:57	{"time": 78.0037, "rows": "-", "sql": "SELECT count(*) FROM information_schema.tables WHERE table_schema = 'dbwebsite' AND table_name = 'turing_weixin' AND table_type = 'BASE TABLE'"}
2021-06-22 15:13:07.050	info	E:/turingcms/server/initialize/ormlogger.go:76	E:/turingcms/server/initialize/database.go:57	{"time": 47.3858, "rows": 0, "sql": "CREATE TABLE `turing_weixin` (`id` bigint unsigned AUTO_INCREMENT,`create_at` datetime COMMENT '创建时间',`update_at` datetime COMMENT '更新时间',`delete_at` datetime COMMENT '删除时间',`deleted` bigint COMMENT '删除状态',`app_id` varchar(40) COMMENT '应用ID',`secret` varchar(60) COMMENT '密码',`token` varchar(120) COMMENT '密钥',`mch_id` varchar(40) COMMENT '商户号',`cert` varchar(120) COMMENT '密钥路径',`apikey` varchar(120) COMMENT '操作密码',`name` varchar(120) COMMENT '微信名称',PRIMARY KEY (`id`),INDEX appid (`app_id`))"}
2021-06-22 15:13:07.093	info	E:/turingcms/server/initialize/ormlogger.go:74	E:/turingcms/server/initialize/database.go:57	{"time": 40.4332, "rows": "-", "sql": "SELECT DATABASE()"}
2021-06-22 15:13:07.164	info	E:/turingcms/server/initialize/ormlogger.go:74	E:/turingcms/server/initialize/database.go:57	{"time": 70.5772, "rows": "-", "sql": "SELECT count(*) FROM information_schema.tables WHERE table_schema = 'dbwebsite' AND table_name = 'turing_qa' AND table_type = 'BASE TABLE'"}
2021-06-22 15:13:07.211	info	E:/turingcms/server/initialize/ormlogger.go:76	E:/turingcms/server/initialize/database.go:57	{"time": 45.3909, "rows": 0, "sql": "CREATE TABLE `turing_qa` (`id` bigint unsigned AUTO_INCREMENT,`create_at` datetime COMMENT '创建时间',`update_at` datetime COMMENT '更新时间',`delete_at` datetime COMMENT '删除时间',`deleted` bigint COMMENT '删除状态',`question` varchar(250),`answer` varchar(250),`state` bigint,PRIMARY KEY (`id`))"}
2021-06-22 15:13:07.245	info	E:/turingcms/server/initialize/ormlogger.go:74	E:/turingcms/server/initialize/database.go:57	{"time": 32.4815, "rows": "-", "sql": "SELECT DATABASE()"}
2021-06-22 15:13:07.310	info	E:/turingcms/server/initialize/ormlogger.go:74	E:/turingcms/server/initialize/database.go:57	{"time": 64.6048, "rows": "-", "sql": "SELECT count(*) FROM information_schema.tables WHERE table_schema = 'dbwebsite' AND table_name = 'turing_appraise' AND table_type = 'BASE TABLE'"}
2021-06-22 15:13:07.357	info	E:/turingcms/server/initialize/ormlogger.go:76	E:/turingcms/server/initialize/database.go:57	{"time": 44.4011, "rows": 0, "sql": "CREATE TABLE `turing_appraise` (`id` bigint unsigned AUTO_INCREMENT,`create_at` datetime COMMENT '创建时间',`update_at` datetime COMMENT '更新时间',`delete_at` datetime COMMENT '删除时间',`deleted` bigint COMMENT '删除状态',`user_id` bigint unsigned,`qa` varchar(250),`datum` varchar(250),`state` bigint,`score` bigint,`comment` varchar(250),PRIMARY KEY (`id`))"}
2021-06-22 15:13:07.402	info	E:/turingcms/server/initialize/ormlogger.go:74	E:/turingcms/server/initialize/database.go:57	{"time": 42.5065, "rows": "-", "sql": "SELECT DATABASE()"}
2021-06-22 15:13:07.485	info	E:/turingcms/server/initialize/ormlogger.go:74	E:/turingcms/server/initialize/database.go:57	{"time": 82.8546, "rows": "-", "sql": "SELECT count(*) FROM information_schema.tables WHERE table_schema = 'dbwebsite' AND table_name = 'turing_activity' AND table_type = 'BASE TABLE'"}
2021-06-22 15:13:07.533	info	E:/turingcms/server/initialize/ormlogger.go:76	E:/turingcms/server/initialize/database.go:57	{"time": 46.0694, "rows": 0, "sql": "CREATE TABLE `turing_activity` (`id` bigint unsigned AUTO_INCREMENT,`create_at` datetime COMMENT '创建时间',`update_at` datetime COMMENT '更新时间',`delete_at` datetime COMMENT '删除时间',`deleted` bigint COMMENT '删除状态',`province` varchar(60) COMMENT '\\'省\\'',`city` varchar(60) COMMENT '\\'市\\'',`area` varchar(60) COMMENT '\\'区\\'',`product_id` bigint(20) COMMENT '\\'产品ID\\'',`num_total` bigint COMMENT '\\'红包个数\\'',`amt_total` bigint COMMENT '\\'总金额\\'',`num_checked` bigint COMMENT '\\'已核销个数\\'',`amt_checked` bigint COMMENT '\\'已经核销金额\\'',`name` varchar(60) COMMENT '\\'活动名称\\'',`rule` varchar(512) COMMENT '\\'规则\\'',`state` int(11) DEFAULT 1 COMMENT '\\'状态\\'',PRIMARY KEY (`id`))"}
2021-06-22 15:13:07.579	info	E:/turingcms/server/initialize/ormlogger.go:74	E:/turingcms/server/initialize/database.go:57	{"time": 42.4459, "rows": "-", "sql": "SELECT DATABASE()"}
2021-06-22 15:13:07.648	info	E:/turingcms/server/initialize/ormlogger.go:74	E:/turingcms/server/initialize/database.go:57	{"time": 67.6595, "rows": "-", "sql": "SELECT count(*) FROM information_schema.tables WHERE table_schema = 'dbwebsite' AND table_name = 'turing_dict' AND table_type = 'BASE TABLE'"}
2021-06-22 15:13:07.695	info	E:/turingcms/server/initialize/ormlogger.go:76	E:/turingcms/server/initialize/database.go:57	{"time": 44.486, "rows": 0, "sql": "CREATE TABLE `turing_dict` (`id` bigint unsigned AUTO_INCREMENT,`create_at` datetime COMMENT '创建时间',`update_at` datetime COMMENT '更新时间',`delete_at` datetime COMMENT '删除时间',`deleted` bigint COMMENT '删除状态',`name` varchar(30) COMMENT '\\'所属分类\\'',`label` varchar(255) COMMENT '\\'字段名称\\'',`value` varchar(1024) COMMENT '\\'状态值\\'',PRIMARY KEY (`id`))"}
2021-06-22 15:13:07.729	info	E:/turingcms/server/initialize/ormlogger.go:74	E:/turingcms/server/initialize/database.go:57	{"time": 32.4699, "rows": "-", "sql": "SELECT DATABASE()"}
2021-06-22 15:13:07.796	info	E:/turingcms/server/initialize/ormlogger.go:74	E:/turingcms/server/initialize/database.go:57	{"time": 65.9951, "rows": "-", "sql": "SELECT count(*) FROM information_schema.tables WHERE table_schema = 'dbwebsite' AND table_name = 'turing_article' AND table_type = 'BASE TABLE'"}
2021-06-22 15:13:07.843	info	E:/turingcms/server/initialize/ormlogger.go:76	E:/turingcms/server/initialize/database.go:57	{"time": 45.0529, "rows": 0, "sql": "CREATE TABLE `turing_article` (`id` bigint unsigned AUTO_INCREMENT,`create_at` datetime COMMENT '创建时间',`update_at` datetime COMMENT '更新时间',`delete_at` datetime COMMENT '删除时间',`deleted` bigint COMMENT '删除状态',`title` varchar(100) COMMENT '\\'文章标题\\'',`content` varchar(4096) COMMENT '\\'文章内容\\'',PRIMARY KEY (`id`))"}
2021-06-22 15:13:08.160	info	E:/turingcms/server/initialize/ormlogger.go:74	E:/turingcms/server/initialize/database.go:57	{"time": 314.891, "rows": "-", "sql": "SELECT DATABASE()"}
2021-06-22 15:13:08.230	info	E:/turingcms/server/initialize/ormlogger.go:74	E:/turingcms/server/initialize/database.go:57	{"time": 68.3729, "rows": "-", "sql": "SELECT count(*) FROM information_schema.tables WHERE table_schema = 'dbwebsite' AND table_name = 'turing_detect' AND table_type = 'BASE TABLE'"}
2021-06-22 15:13:08.276	info	E:/turingcms/server/initialize/ormlogger.go:76	E:/turingcms/server/initialize/database.go:57	{"time": 44.5792, "rows": 0, "sql": "CREATE TABLE `turing_detect` (`id` bigint unsigned AUTO_INCREMENT,`create_at` datetime COMMENT '创建时间',`update_at` datetime COMMENT '更新时间',`delete_at` datetime COMMENT '删除时间',`deleted` bigint COMMENT '删除状态',`user_id` bigint unsigned COMMENT '\\'申请人\\'',`bill_no` varchar(250) COMMENT '\\'单据编号\\'',`cost` bigint COMMENT '\\'金额\\'',`address` varchar(255) COMMENT '\\'地址\\'',`channel` bigint COMMENT '\\'支付通道\\'',`statep` bigint COMMENT '\\'支付状态\\'',`corp_id` bigint unsigned COMMENT '\\'收单店铺\\'',`state` bigint COMMENT '\\'订单状态\\'',`transferch` bigint COMMENT '\\'快递通道\\'',`transfer_no` varchar(250) COMMENT '\\'快递单号\\'',PRIMARY KEY (`id`))"}
2021-06-22 15:13:08.311	info	E:/turingcms/server/initialize/ormlogger.go:74	E:/turingcms/server/initialize/database.go:57	{"time": 32.0699, "rows": "-", "sql": "SELECT DATABASE()"}
2021-06-22 15:13:08.379	info	E:/turingcms/server/initialize/ormlogger.go:74	E:/turingcms/server/initialize/database.go:57	{"time": 66.9042, "rows": "-", "sql": "SELECT count(*) FROM information_schema.tables WHERE table_schema = 'dbwebsite' AND table_name = 'turing_bead' AND table_type = 'BASE TABLE'"}
2021-06-22 15:13:08.427	info	E:/turingcms/server/initialize/ormlogger.go:76	E:/turingcms/server/initialize/database.go:57	{"time": 45.9828, "rows": 0, "sql": "CREATE TABLE `turing_bead` (`id` bigint unsigned AUTO_INCREMENT,`create_at` datetime COMMENT '创建时间',`update_at` datetime COMMENT '更新时间',`delete_at` datetime COMMENT '删除时间',`deleted` bigint COMMENT '删除状态',`user_id` bigint unsigned COMMENT '\\'用户id\\'',`num` bigint COMMENT '\\'数目\\'',`scene` bigint COMMENT '\\'场景\\'',`state` bigint COMMENT '\\'状态\\'',PRIMARY KEY (`id`))"}
2021-06-22 15:13:08.464	info	E:/turingcms/server/initialize/ormlogger.go:74	E:/turingcms/server/initialize/database.go:57	{"time": 35.0724, "rows": "-", "sql": "SELECT DATABASE()"}
2021-06-22 15:13:08.535	info	E:/turingcms/server/initialize/ormlogger.go:74	E:/turingcms/server/initialize/database.go:57	{"time": 70.5182, "rows": "-", "sql": "SELECT count(*) FROM information_schema.tables WHERE table_schema = 'dbwebsite' AND table_name = 'turing_score' AND table_type = 'BASE TABLE'"}
2021-06-22 15:13:08.583	info	E:/turingcms/server/initialize/ormlogger.go:76	E:/turingcms/server/initialize/database.go:57	{"time": 45.9273, "rows": 0, "sql": "CREATE TABLE `turing_score` (`id` bigint unsigned AUTO_INCREMENT,`create_at` datetime COMMENT '创建时间',`update_at` datetime COMMENT '更新时间',`delete_at` datetime COMMENT '删除时间',`deleted` bigint COMMENT '删除状态',`user_id` bigint unsigned COMMENT '\\'用户id\\'',`num` bigint COMMENT '\\'数目\\'',`scene` bigint COMMENT '\\'场景\\'',`state` bigint COMMENT '\\'状态\\'',PRIMARY KEY (`id`))"}
2021-06-22 15:13:08.637	info	E:/turingcms/server/initialize/ormlogger.go:74	E:/turingcms/server/initialize/database.go:57	{"time": 52.4156, "rows": "-", "sql": "SELECT DATABASE()"}
2021-06-22 15:13:08.707	info	E:/turingcms/server/initialize/ormlogger.go:74	E:/turingcms/server/initialize/database.go:57	{"time": 69.4884, "rows": "-", "sql": "SELECT count(*) FROM information_schema.tables WHERE table_schema = 'dbwebsite' AND table_name = 'turing_charge' AND table_type = 'BASE TABLE'"}
2021-06-22 15:13:08.757	info	E:/turingcms/server/initialize/ormlogger.go:76	E:/turingcms/server/initialize/database.go:57	{"time": 47.8654, "rows": 0, "sql": "CREATE TABLE `turing_charge` (`id` bigint unsigned AUTO_INCREMENT,`create_at` datetime COMMENT '创建时间',`update_at` datetime COMMENT '更新时间',`delete_at` datetime COMMENT '删除时间',`deleted` bigint COMMENT '删除状态',`user_id` bigint unsigned COMMENT '\\'用户\\'',`open_id` varchar(250) COMMENT '\\'用户openid\\'',`fee` bigint COMMENT '\\'金额\\'',`bill_no` varchar(30) COMMENT '\\'单据编号\\'',`state` bigint COMMENT '\\'状态\\'',`statep` bigint COMMENT '\\'支付状态\\'',`memo` varchar(250) COMMENT '\\'单据描述\\'',PRIMARY KEY (`id`))"}
2021-06-22 15:13:08.801	info	E:/turingcms/server/initialize/ormlogger.go:74	E:/turingcms/server/initialize/database.go:57	{"time": 41.9356, "rows": "-", "sql": "SELECT DATABASE()"}
2021-06-22 15:13:09.009	info	E:/turingcms/server/initialize/ormlogger.go:74	E:/turingcms/server/initialize/database.go:57	{"time": 207.9463, "rows": "-", "sql": "SELECT count(*) FROM information_schema.tables WHERE table_schema = 'dbwebsite' AND table_name = 'turing_coupon' AND table_type = 'BASE TABLE'"}
2021-06-22 15:13:09.059	info	E:/turingcms/server/initialize/ormlogger.go:76	E:/turingcms/server/initialize/database.go:57	{"time": 49.3811, "rows": 0, "sql": "CREATE TABLE `turing_coupon` (`id` bigint unsigned AUTO_INCREMENT,`create_at` datetime COMMENT '创建时间',`update_at` datetime COMMENT '更新时间',`delete_at` datetime COMMENT '删除时间',`deleted` bigint COMMENT '删除状态',`icon` varchar(255) COMMENT '\\'小图标\\'',`name` varchar(60) COMMENT '\\'名称\\'',`memo` varchar(255) COMMENT '\\'描述\\'',`card_id` varchar(40) COMMENT '\\'优惠券id\\'',`state` bigint COMMENT '\\'状态\\'',`amt` bigint COMMENT '\\'额度\\'',PRIMARY KEY (`id`))"}
2021-06-22 15:13:09.095	info	E:/turingcms/server/initialize/ormlogger.go:74	E:/turingcms/server/initialize/database.go:57	{"time": 34.4197, "rows": "-", "sql": "SELECT DATABASE()"}
2021-06-22 15:13:09.160	info	E:/turingcms/server/initialize/ormlogger.go:74	E:/turingcms/server/initialize/database.go:57	{"time": 64.3307, "rows": "-", "sql": "SELECT count(*) FROM information_schema.tables WHERE table_schema = 'dbwebsite' AND table_name = 'turing_cprecord' AND table_type = 'BASE TABLE'"}
2021-06-22 15:13:09.213	info	E:/turingcms/server/initialize/ormlogger.go:76	E:/turingcms/server/initialize/database.go:57	{"time": 50.4471, "rows": 0, "sql": "CREATE TABLE `turing_cprecord` (`id` bigint unsigned AUTO_INCREMENT,`create_at` datetime COMMENT '创建时间',`update_at` datetime COMMENT '更新时间',`delete_at` datetime COMMENT '删除时间',`deleted` bigint COMMENT '删除状态',`user_id` bigint unsigned COMMENT '\\'用户编号\\'',`card_id` varchar(40) COMMENT '\\'优惠券ID\\'',PRIMARY KEY (`id`))"}
2021-06-22 15:13:09.739	info	E:/turingcms/server/initialize/ormlogger.go:76	E:/turingcms/server/service/user.go:19	{"time": 386.4236, "rows": 0, "sql": "SELECT * FROM `turing_user` WHERE mobile = '15367151352' ORDER BY `turing_user`.`id` LIMIT 1"}
2021-06-22 15:13:09.809	info	E:/turingcms/server/initialize/ormlogger.go:76	E:/turingcms/server/initialize/database.go:86	{"time": 69.7367, "rows": 1, "sql": "INSERT INTO `turing_user` (`create_at`,`update_at`,`delete_at`,`deleted`,`head_image`,`nick_name`,`mobile`,`open_id`,`passwd`,`role`,`charge`,`score`,`expire_at`) VALUES ('2021-06-22 15:13:09','2021-06-22 15:13:09','2021-06-22 15:13:09',0,'','','15367151352','','$2a$10$.KUP./yEX4yl3hBLq9bvROK/v8HlfxxHr9r6qHBEY8am1ftmuUPFa','4',0,0,'2121-06-22 15:13:09')"}
2021-06-22 15:13:09.862	debug	E:/turingcms/server/initialize/router.go:37	[√]完成控制器解析 
2021-06-22 15:13:09.862	info	E:/turingcms/server/main.go:66	run @	{"port": 8097, "board=": "http://www.techidea8.com/"}
2021-06-22 15:28:39.425	info	E:/turingcms/server/initialize/ormlogger.go:33	replacing callback `%v` from %v
	{"": ["e:/projectgo/pkg/mod/gorm.io/driver/mysql@v1.0.5/mysql.go:68","gorm:update","e:/projectgo/pkg/mod/gorm.io/driver/mysql@v1.0.5/mysql.go:68"]}
2021-06-22 15:28:39.930	info	E:/turingcms/server/initialize/ormlogger.go:74	E:/turingcms/server/initialize/database.go:58	{"time": 32.2274, "rows": "-", "sql": "SELECT DATABASE()"}
2021-06-22 15:28:40.001	info	E:/turingcms/server/initialize/ormlogger.go:74	E:/turingcms/server/initialize/database.go:58	{"time": 70.3744, "rows": "-", "sql": "SELECT count(*) FROM information_schema.tables WHERE table_schema = 'dbwebsite' AND table_name = 'turing_user' AND table_type = 'BASE TABLE'"}
2021-06-22 15:28:40.036	info	E:/turingcms/server/initialize/ormlogger.go:74	e:/projectgo/pkg/mod/gorm.io/driver/mysql@v1.0.5/migrator.go:194	{"time": 33.9558, "rows": "-", "sql": "SELECT DATABASE()"}
2021-06-22 15:28:40.100	info	E:/turingcms/server/initialize/ormlogger.go:74	e:/projectgo/pkg/mod/gorm.io/driver/mysql@v1.0.5/migrator.go:203	{"time": 63.0861, "rows": "-", "sql": "SELECT column_name, is_nullable, data_type, character_maximum_length, numeric_precision, numeric_scale FROM information_schema.columns WHERE table_schema = 'dbwebsite' AND table_name = 'turing_user'"}
2021-06-22 15:28:40.391	info	E:/turingcms/server/initialize/ormlogger.go:74	E:/turingcms/server/initialize/database.go:58	{"time": 290.012, "rows": "-", "sql": "SELECT DATABASE()"}
2021-06-22 15:28:40.468	info	E:/turingcms/server/initialize/ormlogger.go:74	E:/turingcms/server/initialize/database.go:58	{"time": 73.1225, "rows": "-", "sql": "SELECT count(*) FROM information_schema.statistics WHERE table_schema = 'dbwebsite' AND table_name = 'turing_user' AND index_name = 'mobile'"}
2021-06-22 15:28:40.503	info	E:/turingcms/server/initialize/ormlogger.go:74	E:/turingcms/server/initialize/database.go:58	{"time": 33.0279, "rows": "-", "sql": "SELECT DATABASE()"}
2021-06-22 15:28:40.575	info	E:/turingcms/server/initialize/ormlogger.go:74	E:/turingcms/server/initialize/database.go:58	{"time": 71.5233, "rows": "-", "sql": "SELECT count(*) FROM information_schema.statistics WHERE table_schema = 'dbwebsite' AND table_name = 'turing_user' AND index_name = 'openid'"}
2021-06-22 15:28:40.605	info	E:/turingcms/server/initialize/ormlogger.go:74	E:/turingcms/server/initialize/database.go:58	{"time": 29.4627, "rows": "-", "sql": "SELECT DATABASE()"}
2021-06-22 15:28:40.673	info	E:/turingcms/server/initialize/ormlogger.go:74	E:/turingcms/server/initialize/database.go:58	{"time": 66.3916, "rows": "-", "sql": "SELECT count(*) FROM information_schema.tables WHERE table_schema = 'dbwebsite' AND table_name = 'turing_weixin' AND table_type = 'BASE TABLE'"}
2021-06-22 15:28:40.703	info	E:/turingcms/server/initialize/ormlogger.go:74	e:/projectgo/pkg/mod/gorm.io/driver/mysql@v1.0.5/migrator.go:194	{"time": 29.0536, "rows": "-", "sql": "SELECT DATABASE()"}
2021-06-22 15:28:40.781	info	E:/turingcms/server/initialize/ormlogger.go:74	e:/projectgo/pkg/mod/gorm.io/driver/mysql@v1.0.5/migrator.go:203	{"time": 76.9102, "rows": "-", "sql": "SELECT column_name, is_nullable, data_type, character_maximum_length, numeric_precision, numeric_scale FROM information_schema.columns WHERE table_schema = 'dbwebsite' AND table_name = 'turing_weixin'"}
2021-06-22 15:28:40.813	info	E:/turingcms/server/initialize/ormlogger.go:74	E:/turingcms/server/initialize/database.go:58	{"time": 30.5921, "rows": "-", "sql": "SELECT DATABASE()"}
2021-06-22 15:28:40.897	info	E:/turingcms/server/initialize/ormlogger.go:74	E:/turingcms/server/initialize/database.go:58	{"time": 83.2717, "rows": "-", "sql": "SELECT count(*) FROM information_schema.statistics WHERE table_schema = 'dbwebsite' AND table_name = 'turing_weixin' AND index_name = 'appid'"}
2021-06-22 15:28:40.928	info	E:/turingcms/server/initialize/ormlogger.go:74	E:/turingcms/server/initialize/database.go:58	{"time": 29.4317, "rows": "-", "sql": "SELECT DATABASE()"}
2021-06-22 15:28:40.990	info	E:/turingcms/server/initialize/ormlogger.go:74	E:/turingcms/server/initialize/database.go:58	{"time": 60.9685, "rows": "-", "sql": "SELECT count(*) FROM information_schema.tables WHERE table_schema = 'dbwebsite' AND table_name = 'turing_dict' AND table_type = 'BASE TABLE'"}
2021-06-22 15:28:41.021	info	E:/turingcms/server/initialize/ormlogger.go:74	e:/projectgo/pkg/mod/gorm.io/driver/mysql@v1.0.5/migrator.go:194	{"time": 29.5149, "rows": "-", "sql": "SELECT DATABASE()"}
2021-06-22 15:28:41.103	info	E:/turingcms/server/initialize/ormlogger.go:74	e:/projectgo/pkg/mod/gorm.io/driver/mysql@v1.0.5/migrator.go:203	{"time": 81.3559, "rows": "-", "sql": "SELECT column_name, is_nullable, data_type, character_maximum_length, numeric_precision, numeric_scale FROM information_schema.columns WHERE table_schema = 'dbwebsite' AND table_name = 'turing_dict'"}
2021-06-22 15:28:41.263	info	E:/turingcms/server/initialize/ormlogger.go:76	E:/turingcms/server/service/user.go:19	{"time": 61.0858, "rows": 1, "sql": "SELECT * FROM `turing_user` WHERE mobile = '15367151352' ORDER BY `turing_user`.`id` LIMIT 1"}
2021-06-22 15:28:41.272	debug	E:/turingcms/server/initialize/router.go:23	[√]完成控制器解析 
2021-06-22 15:28:41.273	info	E:/turingcms/server/main.go:66	run @	{"port": 8097, "board=": "http://www.techidea8.com/"}
2021-06-22 15:29:06.492	info	E:/turingcms/server/initialize/ormlogger.go:33	replacing callback `%v` from %v
	{"": ["e:/projectgo/pkg/mod/gorm.io/driver/mysql@v1.0.5/mysql.go:68","gorm:update","e:/projectgo/pkg/mod/gorm.io/driver/mysql@v1.0.5/mysql.go:68"]}
2021-06-22 15:29:06.834	info	E:/turingcms/server/initialize/ormlogger.go:74	E:/turingcms/server/initialize/database.go:58	{"time": 49.9128, "rows": "-", "sql": "SELECT DATABASE()"}
2021-06-22 15:29:06.911	info	E:/turingcms/server/initialize/ormlogger.go:74	E:/turingcms/server/initialize/database.go:58	{"time": 74.3543, "rows": "-", "sql": "SELECT count(*) FROM information_schema.tables WHERE table_schema = 'dbwebsite' AND table_name = 'turing_user' AND table_type = 'BASE TABLE'"}
2021-06-22 15:29:06.971	info	E:/turingcms/server/initialize/ormlogger.go:76	E:/turingcms/server/initialize/database.go:58	{"time": 58.3616, "rows": 0, "sql": "CREATE TABLE `turing_user` (`id` bigint unsigned AUTO_INCREMENT,`create_at` datetime COMMENT '创建时间',`update_at` datetime COMMENT '更新时间',`delete_at` datetime COMMENT '删除时间',`deleted` bigint COMMENT '删除状态',`head_image` varchar(150) COMMENT '用户头像',`nick_name` varchar(32) COMMENT '用户昵称',`mobile` varchar(13) COMMENT '用户手机号',`open_id` varchar(40) COMMENT '用户的OPENID',`passwd` varchar(120) COMMENT '用户密码',`role` int(11) COMMENT '7超管',`charge` int(11) DEFAULT 0 COMMENT '充钱金额',`score` int(11) DEFAULT 0 COMMENT '积分',`expire_at` datetime COMMENT '过期时间',PRIMARY KEY (`id`),INDEX mobile (`mobile`),INDEX openid (`open_id`))"}
2021-06-22 15:29:07.011	info	E:/turingcms/server/initialize/ormlogger.go:74	E:/turingcms/server/initialize/database.go:58	{"time": 36.4177, "rows": "-", "sql": "SELECT DATABASE()"}
2021-06-22 15:29:07.087	info	E:/turingcms/server/initialize/ormlogger.go:74	E:/turingcms/server/initialize/database.go:58	{"time": 75.1468, "rows": "-", "sql": "SELECT count(*) FROM information_schema.tables WHERE table_schema = 'dbwebsite' AND table_name = 'turing_weixin' AND table_type = 'BASE TABLE'"}
2021-06-22 15:29:07.141	info	E:/turingcms/server/initialize/ormlogger.go:76	E:/turingcms/server/initialize/database.go:58	{"time": 51.4175, "rows": 0, "sql": "CREATE TABLE `turing_weixin` (`id` bigint unsigned AUTO_INCREMENT,`create_at` datetime COMMENT '创建时间',`update_at` datetime COMMENT '更新时间',`delete_at` datetime COMMENT '删除时间',`deleted` bigint COMMENT '删除状态',`app_id` varchar(40) COMMENT '应用ID',`secret` varchar(60) COMMENT '密码',`token` varchar(120) COMMENT '密钥',`mch_id` varchar(40) COMMENT '商户号',`cert` varchar(120) COMMENT '密钥路径',`apikey` varchar(120) COMMENT '操作密码',`name` varchar(120) COMMENT '微信名称',PRIMARY KEY (`id`),INDEX appid (`app_id`))"}
2021-06-22 15:29:07.180	info	E:/turingcms/server/initialize/ormlogger.go:74	E:/turingcms/server/initialize/database.go:58	{"time": 36.4676, "rows": "-", "sql": "SELECT DATABASE()"}
2021-06-22 15:29:07.279	info	E:/turingcms/server/initialize/ormlogger.go:74	E:/turingcms/server/initialize/database.go:58	{"time": 96.6255, "rows": "-", "sql": "SELECT count(*) FROM information_schema.tables WHERE table_schema = 'dbwebsite' AND table_name = 'turing_dict' AND table_type = 'BASE TABLE'"}
2021-06-22 15:29:07.356	info	E:/turingcms/server/initialize/ormlogger.go:76	E:/turingcms/server/initialize/database.go:58	{"time": 75.8669, "rows": 0, "sql": "CREATE TABLE `turing_dict` (`id` bigint unsigned AUTO_INCREMENT,`create_at` datetime COMMENT '创建时间',`update_at` datetime COMMENT '更新时间',`delete_at` datetime COMMENT '删除时间',`deleted` bigint COMMENT '删除状态',`name` varchar(30) COMMENT '\\'所属分类\\'',`label` varchar(255) COMMENT '\\'字段名称\\'',`value` varchar(1024) COMMENT '\\'状态值\\'',PRIMARY KEY (`id`))"}
2021-06-22 15:29:07.628	info	E:/turingcms/server/initialize/ormlogger.go:76	E:/turingcms/server/service/user.go:19	{"time": 85.3505, "rows": 0, "sql": "SELECT * FROM `turing_user` WHERE mobile = '15367151352' ORDER BY `turing_user`.`id` LIMIT 1"}
2021-06-22 15:29:07.726	info	E:/turingcms/server/initialize/ormlogger.go:76	E:/turingcms/server/initialize/database.go:78	{"time": 96.965, "rows": 1, "sql": "INSERT INTO `turing_user` (`create_at`,`update_at`,`delete_at`,`deleted`,`head_image`,`nick_name`,`mobile`,`open_id`,`passwd`,`role`,`charge`,`score`,`expire_at`) VALUES ('2021-06-22 15:29:07','2021-06-22 15:29:07','2021-06-22 15:29:07',0,'','','15367151352','','$2a$10$aV9XQl8o.UHRU/iC1lLIBOwbUvQDP8YD3or3W0WU3RPVcxwT6khEa','4',0,0,'2121-06-22 15:29:07')"}
2021-06-22 15:29:07.734	debug	E:/turingcms/server/initialize/router.go:23	[√]完成控制器解析 
2021-06-22 15:29:07.734	info	E:/turingcms/server/main.go:66	run @	{"port": 8097, "board=": "http://www.techidea8.com/"}
2021-06-22 15:37:58.627	info	E:/turingcms/server/initialize/ormlogger.go:33	replacing callback `%v` from %v
	{"": ["e:/projectgo/pkg/mod/gorm.io/driver/mysql@v1.0.5/mysql.go:68","gorm:update","e:/projectgo/pkg/mod/gorm.io/driver/mysql@v1.0.5/mysql.go:68"]}
2021-06-22 15:37:59.032	info	E:/turingcms/server/initialize/ormlogger.go:74	E:/turingcms/server/initialize/database.go:58	{"time": 47.4336, "rows": "-", "sql": "SELECT DATABASE()"}
2021-06-22 15:37:59.125	info	E:/turingcms/server/initialize/ormlogger.go:74	E:/turingcms/server/initialize/database.go:58	{"time": 92.3477, "rows": "-", "sql": "SELECT count(*) FROM information_schema.tables WHERE table_schema = 'dbwebsite' AND table_name = 'turing_user' AND table_type = 'BASE TABLE'"}
2021-06-22 15:37:59.175	info	E:/turingcms/server/initialize/ormlogger.go:74	e:/projectgo/pkg/mod/gorm.io/driver/mysql@v1.0.5/migrator.go:194	{"time": 41.672, "rows": "-", "sql": "SELECT DATABASE()"}
2021-06-22 15:37:59.285	info	E:/turingcms/server/initialize/ormlogger.go:74	e:/projectgo/pkg/mod/gorm.io/driver/mysql@v1.0.5/migrator.go:203	{"time": 109.3761, "rows": "-", "sql": "SELECT column_name, is_nullable, data_type, character_maximum_length, numeric_precision, numeric_scale FROM information_schema.columns WHERE table_schema = 'dbwebsite' AND table_name = 'turing_user'"}
2021-06-22 15:37:59.327	info	E:/turingcms/server/initialize/ormlogger.go:74	E:/turingcms/server/initialize/database.go:58	{"time": 39.5791, "rows": "-", "sql": "SELECT DATABASE()"}
2021-06-22 15:37:59.436	info	E:/turingcms/server/initialize/ormlogger.go:74	E:/turingcms/server/initialize/database.go:58	{"time": 107.4544, "rows": "-", "sql": "SELECT count(*) FROM information_schema.statistics WHERE table_schema = 'dbwebsite' AND table_name = 'turing_user' AND index_name = 'mobile'"}
2021-06-22 15:37:59.482	info	E:/turingcms/server/initialize/ormlogger.go:74	E:/turingcms/server/initialize/database.go:58	{"time": 42.8855, "rows": "-", "sql": "SELECT DATABASE()"}
2021-06-22 15:37:59.586	info	E:/turingcms/server/initialize/ormlogger.go:74	E:/turingcms/server/initialize/database.go:58	{"time": 103.0969, "rows": "-", "sql": "SELECT count(*) FROM information_schema.statistics WHERE table_schema = 'dbwebsite' AND table_name = 'turing_user' AND index_name = 'openid'"}
2021-06-22 15:37:59.794	info	E:/turingcms/server/initialize/ormlogger.go:74	E:/turingcms/server/initialize/database.go:58	{"time": 202.8778, "rows": "-", "sql": "SELECT DATABASE()"}
2021-06-22 15:37:59.921	info	E:/turingcms/server/initialize/ormlogger.go:74	E:/turingcms/server/initialize/database.go:58	{"time": 126.8664, "rows": "-", "sql": "SELECT count(*) FROM information_schema.tables WHERE table_schema = 'dbwebsite' AND table_name = 'turing_weixin' AND table_type = 'BASE TABLE'"}
2021-06-22 15:37:59.988	info	E:/turingcms/server/initialize/ormlogger.go:74	e:/projectgo/pkg/mod/gorm.io/driver/mysql@v1.0.5/migrator.go:194	{"time": 63.6959, "rows": "-", "sql": "SELECT DATABASE()"}
2021-06-22 15:38:00.087	info	E:/turingcms/server/initialize/ormlogger.go:74	e:/projectgo/pkg/mod/gorm.io/driver/mysql@v1.0.5/migrator.go:203	{"time": 97.9442, "rows": "-", "sql": "SELECT column_name, is_nullable, data_type, character_maximum_length, numeric_precision, numeric_scale FROM information_schema.columns WHERE table_schema = 'dbwebsite' AND table_name = 'turing_weixin'"}
2021-06-22 15:38:00.139	info	E:/turingcms/server/initialize/ormlogger.go:74	E:/turingcms/server/initialize/database.go:58	{"time": 49.3803, "rows": "-", "sql": "SELECT DATABASE()"}
2021-06-22 15:38:00.227	info	E:/turingcms/server/initialize/ormlogger.go:74	E:/turingcms/server/initialize/database.go:58	{"time": 88.5252, "rows": "-", "sql": "SELECT count(*) FROM information_schema.statistics WHERE table_schema = 'dbwebsite' AND table_name = 'turing_weixin' AND index_name = 'appid'"}
2021-06-22 15:38:00.270	info	E:/turingcms/server/initialize/ormlogger.go:74	E:/turingcms/server/initialize/database.go:58	{"time": 42.429, "rows": "-", "sql": "SELECT DATABASE()"}
2021-06-22 15:38:00.376	info	E:/turingcms/server/initialize/ormlogger.go:74	E:/turingcms/server/initialize/database.go:58	{"time": 105.635, "rows": "-", "sql": "SELECT count(*) FROM information_schema.tables WHERE table_schema = 'dbwebsite' AND table_name = 'turing_dict' AND table_type = 'BASE TABLE'"}
2021-06-22 15:38:00.418	info	E:/turingcms/server/initialize/ormlogger.go:74	e:/projectgo/pkg/mod/gorm.io/driver/mysql@v1.0.5/migrator.go:194	{"time": 40.7182, "rows": "-", "sql": "SELECT DATABASE()"}
2021-06-22 15:38:00.549	info	E:/turingcms/server/initialize/ormlogger.go:74	e:/projectgo/pkg/mod/gorm.io/driver/mysql@v1.0.5/migrator.go:203	{"time": 130.2645, "rows": "-", "sql": "SELECT column_name, is_nullable, data_type, character_maximum_length, numeric_precision, numeric_scale FROM information_schema.columns WHERE table_schema = 'dbwebsite' AND table_name = 'turing_dict'"}
2021-06-22 15:38:00.755	info	E:/turingcms/server/initialize/ormlogger.go:76	E:/turingcms/server/service/user.go:19	{"time": 104.6203, "rows": 1, "sql": "SELECT * FROM `turing_user` WHERE mobile = '15367151352' ORDER BY `turing_user`.`id` LIMIT 1"}
2021-06-22 15:38:00.767	debug	E:/turingcms/server/initialize/router.go:23	[√]完成控制器解析 
2021-06-22 15:38:00.767	info	E:/turingcms/server/main.go:66	run @	{"port": 8097, "board=": "http://www.techidea8.com/"}
2021-06-22 15:44:22.620	info	E:/turingcms/server/initialize/ormlogger.go:33	replacing callback `%v` from %v
	{"": ["e:/projectgo/pkg/mod/gorm.io/driver/mysql@v1.0.5/mysql.go:68","gorm:update","e:/projectgo/pkg/mod/gorm.io/driver/mysql@v1.0.5/mysql.go:68"]}
2021-06-22 15:44:23.164	info	E:/turingcms/server/initialize/ormlogger.go:74	E:/turingcms/server/initialize/database.go:58	{"time": 46.9732, "rows": "-", "sql": "SELECT DATABASE()"}
2021-06-22 15:44:23.272	info	E:/turingcms/server/initialize/ormlogger.go:74	E:/turingcms/server/initialize/database.go:58	{"time": 108.2987, "rows": "-", "sql": "SELECT count(*) FROM information_schema.tables WHERE table_schema = 'dbwebsite' AND table_name = 'turing_user' AND table_type = 'BASE TABLE'"}
2021-06-22 15:44:23.313	info	E:/turingcms/server/initialize/ormlogger.go:74	e:/projectgo/pkg/mod/gorm.io/driver/mysql@v1.0.5/migrator.go:194	{"time": 39.9403, "rows": "-", "sql": "SELECT DATABASE()"}
2021-06-22 15:44:23.383	info	E:/turingcms/server/initialize/ormlogger.go:74	e:/projectgo/pkg/mod/gorm.io/driver/mysql@v1.0.5/migrator.go:203	{"time": 69.6183, "rows": "-", "sql": "SELECT column_name, is_nullable, data_type, character_maximum_length, numeric_precision, numeric_scale FROM information_schema.columns WHERE table_schema = 'dbwebsite' AND table_name = 'turing_user'"}
2021-06-22 15:44:23.419	info	E:/turingcms/server/initialize/ormlogger.go:74	E:/turingcms/server/initialize/database.go:58	{"time": 32.4853, "rows": "-", "sql": "SELECT DATABASE()"}
2021-06-22 15:44:23.492	info	E:/turingcms/server/initialize/ormlogger.go:74	E:/turingcms/server/initialize/database.go:58	{"time": 73.2061, "rows": "-", "sql": "SELECT count(*) FROM information_schema.statistics WHERE table_schema = 'dbwebsite' AND table_name = 'turing_user' AND index_name = 'mobile'"}
2021-06-22 15:44:23.535	info	E:/turingcms/server/initialize/ormlogger.go:74	E:/turingcms/server/initialize/database.go:58	{"time": 41.7414, "rows": "-", "sql": "SELECT DATABASE()"}
2021-06-22 15:44:23.641	info	E:/turingcms/server/initialize/ormlogger.go:74	E:/turingcms/server/initialize/database.go:58	{"time": 105.5671, "rows": "-", "sql": "SELECT count(*) FROM information_schema.statistics WHERE table_schema = 'dbwebsite' AND table_name = 'turing_user' AND index_name = 'openid'"}
2021-06-22 15:44:23.682	info	E:/turingcms/server/initialize/ormlogger.go:74	E:/turingcms/server/initialize/database.go:58	{"time": 36.0118, "rows": "-", "sql": "SELECT DATABASE()"}
2021-06-22 15:44:23.780	info	E:/turingcms/server/initialize/ormlogger.go:74	E:/turingcms/server/initialize/database.go:58	{"time": 96.4288, "rows": "-", "sql": "SELECT count(*) FROM information_schema.tables WHERE table_schema = 'dbwebsite' AND table_name = 'turing_weixin' AND table_type = 'BASE TABLE'"}
2021-06-22 15:44:23.892	info	E:/turingcms/server/initialize/ormlogger.go:74	e:/projectgo/pkg/mod/gorm.io/driver/mysql@v1.0.5/migrator.go:194	{"time": 105.1372, "rows": "-", "sql": "SELECT DATABASE()"}
2021-06-22 15:44:23.974	info	E:/turingcms/server/initialize/ormlogger.go:74	e:/projectgo/pkg/mod/gorm.io/driver/mysql@v1.0.5/migrator.go:203	{"time": 81.7946, "rows": "-", "sql": "SELECT column_name, is_nullable, data_type, character_maximum_length, numeric_precision, numeric_scale FROM information_schema.columns WHERE table_schema = 'dbwebsite' AND table_name = 'turing_weixin'"}
2021-06-22 15:44:24.007	info	E:/turingcms/server/initialize/ormlogger.go:74	E:/turingcms/server/initialize/database.go:58	{"time": 31.4584, "rows": "-", "sql": "SELECT DATABASE()"}
2021-06-22 15:44:24.106	info	E:/turingcms/server/initialize/ormlogger.go:74	E:/turingcms/server/initialize/database.go:58	{"time": 97.0131, "rows": "-", "sql": "SELECT count(*) FROM information_schema.statistics WHERE table_schema = 'dbwebsite' AND table_name = 'turing_weixin' AND index_name = 'appid'"}
2021-06-22 15:44:24.155	info	E:/turingcms/server/initialize/ormlogger.go:74	E:/turingcms/server/initialize/database.go:58	{"time": 48.9524, "rows": "-", "sql": "SELECT DATABASE()"}
2021-06-22 15:44:24.240	info	E:/turingcms/server/initialize/ormlogger.go:74	E:/turingcms/server/initialize/database.go:58	{"time": 84.0127, "rows": "-", "sql": "SELECT count(*) FROM information_schema.tables WHERE table_schema = 'dbwebsite' AND table_name = 'turing_dict' AND table_type = 'BASE TABLE'"}
2021-06-22 15:44:24.285	info	E:/turingcms/server/initialize/ormlogger.go:74	e:/projectgo/pkg/mod/gorm.io/driver/mysql@v1.0.5/migrator.go:194	{"time": 44.6058, "rows": "-", "sql": "SELECT DATABASE()"}
2021-06-22 15:44:24.358	info	E:/turingcms/server/initialize/ormlogger.go:74	e:/projectgo/pkg/mod/gorm.io/driver/mysql@v1.0.5/migrator.go:203	{"time": 71.6395, "rows": "-", "sql": "SELECT column_name, is_nullable, data_type, character_maximum_length, numeric_precision, numeric_scale FROM information_schema.columns WHERE table_schema = 'dbwebsite' AND table_name = 'turing_dict'"}
2021-06-22 15:44:24.534	info	E:/turingcms/server/initialize/ormlogger.go:76	E:/turingcms/server/service/user.go:19	{"time": 82.9426, "rows": 1, "sql": "SELECT * FROM `turing_user` WHERE mobile = '15367151352' ORDER BY `turing_user`.`id` LIMIT 1"}
2021-06-22 15:44:24.547	debug	E:/turingcms/server/initialize/router.go:23	[√]完成控制器解析 
2021-06-22 15:44:24.549	info	E:/turingcms/server/main.go:66	run @	{"port": 8097, "board=": "http://www.techidea8.com/"}
2021-06-22 15:44:52.388	info	E:/turingcms/server/initialize/ormlogger.go:33	replacing callback `%v` from %v
	{"": ["e:/projectgo/pkg/mod/gorm.io/driver/mysql@v1.0.5/mysql.go:68","gorm:update","e:/projectgo/pkg/mod/gorm.io/driver/mysql@v1.0.5/mysql.go:68"]}
2021-06-22 15:44:52.728	info	E:/turingcms/server/initialize/ormlogger.go:74	E:/turingcms/server/initialize/database.go:58	{"time": 44.1892, "rows": "-", "sql": "SELECT DATABASE()"}
2021-06-22 15:44:52.789	info	E:/turingcms/server/initialize/ormlogger.go:74	E:/turingcms/server/initialize/database.go:58	{"time": 59.0078, "rows": "-", "sql": "SELECT count(*) FROM information_schema.tables WHERE table_schema = 'dbwebsite' AND table_name = 'turing_user' AND table_type = 'BASE TABLE'"}
2021-06-22 15:44:52.834	info	E:/turingcms/server/initialize/ormlogger.go:74	e:/projectgo/pkg/mod/gorm.io/driver/mysql@v1.0.5/migrator.go:194	{"time": 43.3943, "rows": "-", "sql": "SELECT DATABASE()"}
2021-06-22 15:44:52.906	info	E:/turingcms/server/initialize/ormlogger.go:74	e:/projectgo/pkg/mod/gorm.io/driver/mysql@v1.0.5/migrator.go:203	{"time": 71.0249, "rows": "-", "sql": "SELECT column_name, is_nullable, data_type, character_maximum_length, numeric_precision, numeric_scale FROM information_schema.columns WHERE table_schema = 'dbwebsite' AND table_name = 'turing_user'"}
2021-06-22 15:44:52.932	info	E:/turingcms/server/initialize/ormlogger.go:74	E:/turingcms/server/initialize/database.go:58	{"time": 23.4527, "rows": "-", "sql": "SELECT DATABASE()"}
2021-06-22 15:44:53.014	info	E:/turingcms/server/initialize/ormlogger.go:74	E:/turingcms/server/initialize/database.go:58	{"time": 80.8189, "rows": "-", "sql": "SELECT count(*) FROM information_schema.statistics WHERE table_schema = 'dbwebsite' AND table_name = 'turing_user' AND index_name = 'mobile'"}
2021-06-22 15:44:53.040	info	E:/turingcms/server/initialize/ormlogger.go:74	E:/turingcms/server/initialize/database.go:58	{"time": 24.4508, "rows": "-", "sql": "SELECT DATABASE()"}
2021-06-22 15:44:53.112	info	E:/turingcms/server/initialize/ormlogger.go:74	E:/turingcms/server/initialize/database.go:58	{"time": 70.0451, "rows": "-", "sql": "SELECT count(*) FROM information_schema.statistics WHERE table_schema = 'dbwebsite' AND table_name = 'turing_user' AND index_name = 'openid'"}
2021-06-22 15:44:53.163	info	E:/turingcms/server/initialize/ormlogger.go:74	E:/turingcms/server/initialize/database.go:58	{"time": 49.5182, "rows": "-", "sql": "SELECT DATABASE()"}
2021-06-22 15:44:53.241	info	E:/turingcms/server/initialize/ormlogger.go:74	E:/turingcms/server/initialize/database.go:58	{"time": 77.0969, "rows": "-", "sql": "SELECT count(*) FROM information_schema.tables WHERE table_schema = 'dbwebsite' AND table_name = 'turing_weixin' AND table_type = 'BASE TABLE'"}
2021-06-22 15:44:53.270	info	E:/turingcms/server/initialize/ormlogger.go:74	e:/projectgo/pkg/mod/gorm.io/driver/mysql@v1.0.5/migrator.go:194	{"time": 25.5005, "rows": "-", "sql": "SELECT DATABASE()"}
2021-06-22 15:44:53.352	info	E:/turingcms/server/initialize/ormlogger.go:74	e:/projectgo/pkg/mod/gorm.io/driver/mysql@v1.0.5/migrator.go:203	{"time": 81.4821, "rows": "-", "sql": "SELECT column_name, is_nullable, data_type, character_maximum_length, numeric_precision, numeric_scale FROM information_schema.columns WHERE table_schema = 'dbwebsite' AND table_name = 'turing_weixin'"}
2021-06-22 15:44:53.418	info	E:/turingcms/server/initialize/ormlogger.go:74	E:/turingcms/server/initialize/database.go:58	{"time": 64.3636, "rows": "-", "sql": "SELECT DATABASE()"}
2021-06-22 15:44:53.477	info	E:/turingcms/server/initialize/ormlogger.go:74	E:/turingcms/server/initialize/database.go:58	{"time": 58.0466, "rows": "-", "sql": "SELECT count(*) FROM information_schema.statistics WHERE table_schema = 'dbwebsite' AND table_name = 'turing_weixin' AND index_name = 'appid'"}
2021-06-22 15:44:53.504	info	E:/turingcms/server/initialize/ormlogger.go:74	E:/turingcms/server/initialize/database.go:58	{"time": 24.5129, "rows": "-", "sql": "SELECT DATABASE()"}
2021-06-22 15:44:53.614	info	E:/turingcms/server/initialize/ormlogger.go:74	E:/turingcms/server/initialize/database.go:58	{"time": 108.7342, "rows": "-", "sql": "SELECT count(*) FROM information_schema.tables WHERE table_schema = 'dbwebsite' AND table_name = 'turing_dict' AND table_type = 'BASE TABLE'"}
2021-06-22 15:44:53.915	info	E:/turingcms/server/initialize/ormlogger.go:74	e:/projectgo/pkg/mod/gorm.io/driver/mysql@v1.0.5/migrator.go:194	{"time": 298.454, "rows": "-", "sql": "SELECT DATABASE()"}
2021-06-22 15:44:54.007	info	E:/turingcms/server/initialize/ormlogger.go:74	e:/projectgo/pkg/mod/gorm.io/driver/mysql@v1.0.5/migrator.go:203	{"time": 90.6192, "rows": "-", "sql": "SELECT column_name, is_nullable, data_type, character_maximum_length, numeric_precision, numeric_scale FROM information_schema.columns WHERE table_schema = 'dbwebsite' AND table_name = 'turing_dict'"}
2021-06-22 15:44:54.265	info	E:/turingcms/server/initialize/ormlogger.go:76	E:/turingcms/server/service/user.go:19	{"time": 76.3325, "rows": 1, "sql": "SELECT * FROM `turing_user` WHERE mobile = '15367151352' ORDER BY `turing_user`.`id` LIMIT 1"}
2021-06-22 15:44:54.284	debug	E:/turingcms/server/initialize/router.go:23	[√]完成控制器解析 
2021-06-22 15:44:54.284	info	E:/turingcms/server/main.go:66	run @	{"port": 8097, "board=": "http://www.techidea8.com/"}
2021-06-23 18:49:15.576	info	E:/turingcms/server/initialize/ormlogger.go:33	replacing callback `%v` from %v
	{"": ["e:/projectgo/pkg/mod/gorm.io/driver/mysql@v1.0.5/mysql.go:68","gorm:update","e:/projectgo/pkg/mod/gorm.io/driver/mysql@v1.0.5/mysql.go:68"]}
2021-06-23 18:49:17.133	info	E:/turingcms/server/initialize/ormlogger.go:74	E:/turingcms/server/initialize/database.go:58	{"time": 22.5286, "rows": "-", "sql": "SELECT DATABASE()"}
2021-06-23 18:49:17.180	info	E:/turingcms/server/initialize/ormlogger.go:74	E:/turingcms/server/initialize/database.go:58	{"time": 46.8591, "rows": "-", "sql": "SELECT count(*) FROM information_schema.tables WHERE table_schema = 'dbwebsite' AND table_name = 'turing_user' AND table_type = 'BASE TABLE'"}
2021-06-23 18:49:17.204	info	E:/turingcms/server/initialize/ormlogger.go:74	e:/projectgo/pkg/mod/gorm.io/driver/mysql@v1.0.5/migrator.go:194	{"time": 23.0332, "rows": "-", "sql": "SELECT DATABASE()"}
2021-06-23 18:49:17.258	info	E:/turingcms/server/initialize/ormlogger.go:74	e:/projectgo/pkg/mod/gorm.io/driver/mysql@v1.0.5/migrator.go:203	{"time": 53.7941, "rows": "-", "sql": "SELECT column_name, is_nullable, data_type, character_maximum_length, numeric_precision, numeric_scale FROM information_schema.columns WHERE table_schema = 'dbwebsite' AND table_name = 'turing_user'"}
2021-06-23 18:49:17.282	info	E:/turingcms/server/initialize/ormlogger.go:74	E:/turingcms/server/initialize/database.go:58	{"time": 24.0451, "rows": "-", "sql": "SELECT DATABASE()"}
2021-06-23 18:49:17.351	info	E:/turingcms/server/initialize/ormlogger.go:74	E:/turingcms/server/initialize/database.go:58	{"time": 67.6096, "rows": "-", "sql": "SELECT count(*) FROM information_schema.statistics WHERE table_schema = 'dbwebsite' AND table_name = 'turing_user' AND index_name = 'mobile'"}
2021-06-23 18:49:17.374	info	E:/turingcms/server/initialize/ormlogger.go:74	E:/turingcms/server/initialize/database.go:58	{"time": 22.4482, "rows": "-", "sql": "SELECT DATABASE()"}
2021-06-23 18:49:17.422	info	E:/turingcms/server/initialize/ormlogger.go:74	E:/turingcms/server/initialize/database.go:58	{"time": 47.4251, "rows": "-", "sql": "SELECT count(*) FROM information_schema.statistics WHERE table_schema = 'dbwebsite' AND table_name = 'turing_user' AND index_name = 'openid'"}
2021-06-23 18:49:17.447	info	E:/turingcms/server/initialize/ormlogger.go:74	E:/turingcms/server/initialize/database.go:58	{"time": 23.4986, "rows": "-", "sql": "SELECT DATABASE()"}
2021-06-23 18:49:17.494	info	E:/turingcms/server/initialize/ormlogger.go:74	E:/turingcms/server/initialize/database.go:58	{"time": 46.0044, "rows": "-", "sql": "SELECT count(*) FROM information_schema.tables WHERE table_schema = 'dbwebsite' AND table_name = 'turing_weixin' AND table_type = 'BASE TABLE'"}
2021-06-23 18:49:17.520	info	E:/turingcms/server/initialize/ormlogger.go:74	e:/projectgo/pkg/mod/gorm.io/driver/mysql@v1.0.5/migrator.go:194	{"time": 24.8124, "rows": "-", "sql": "SELECT DATABASE()"}
2021-06-23 18:49:17.568	info	E:/turingcms/server/initialize/ormlogger.go:74	e:/projectgo/pkg/mod/gorm.io/driver/mysql@v1.0.5/migrator.go:203	{"time": 48.134, "rows": "-", "sql": "SELECT column_name, is_nullable, data_type, character_maximum_length, numeric_precision, numeric_scale FROM information_schema.columns WHERE table_schema = 'dbwebsite' AND table_name = 'turing_weixin'"}
2021-06-23 18:49:17.593	info	E:/turingcms/server/initialize/ormlogger.go:74	E:/turingcms/server/initialize/database.go:58	{"time": 22.4823, "rows": "-", "sql": "SELECT DATABASE()"}
2021-06-23 18:49:17.639	info	E:/turingcms/server/initialize/ormlogger.go:74	E:/turingcms/server/initialize/database.go:58	{"time": 46.1993, "rows": "-", "sql": "SELECT count(*) FROM information_schema.statistics WHERE table_schema = 'dbwebsite' AND table_name = 'turing_weixin' AND index_name = 'appid'"}
2021-06-23 18:49:17.664	info	E:/turingcms/server/initialize/ormlogger.go:74	E:/turingcms/server/initialize/database.go:58	{"time": 23.446, "rows": "-", "sql": "SELECT DATABASE()"}
2021-06-23 18:49:17.711	info	E:/turingcms/server/initialize/ormlogger.go:74	E:/turingcms/server/initialize/database.go:58	{"time": 46.9071, "rows": "-", "sql": "SELECT count(*) FROM information_schema.tables WHERE table_schema = 'dbwebsite' AND table_name = 'turing_dict' AND table_type = 'BASE TABLE'"}
2021-06-23 18:49:17.735	info	E:/turingcms/server/initialize/ormlogger.go:74	e:/projectgo/pkg/mod/gorm.io/driver/mysql@v1.0.5/migrator.go:194	{"time": 22.5991, "rows": "-", "sql": "SELECT DATABASE()"}
2021-06-23 18:49:17.785	info	E:/turingcms/server/initialize/ormlogger.go:74	e:/projectgo/pkg/mod/gorm.io/driver/mysql@v1.0.5/migrator.go:203	{"time": 49.1061, "rows": "-", "sql": "SELECT column_name, is_nullable, data_type, character_maximum_length, numeric_precision, numeric_scale FROM information_schema.columns WHERE table_schema = 'dbwebsite' AND table_name = 'turing_dict'"}
2021-06-23 18:49:17.912	info	E:/turingcms/server/initialize/ormlogger.go:76	E:/turingcms/server/service/user.go:19	{"time": 48.0122, "rows": 1, "sql": "SELECT * FROM `turing_user` WHERE mobile = '15367151352' ORDER BY `turing_user`.`id` LIMIT 1"}
2021-06-23 18:49:17.920	debug	E:/turingcms/server/initialize/router.go:23	[√]完成控制器解析 
2021-06-23 18:49:17.920	info	E:/turingcms/server/main.go:66	run @	{"port": 8097, "board=": "http://www.techidea8.com/"}
2021-06-23 18:53:29.000	info	E:/turingcms/server/initialize/ormlogger.go:33	replacing callback `%v` from %v
	{"": ["e:/projectgo/pkg/mod/gorm.io/driver/mysql@v1.0.5/mysql.go:68","gorm:update","e:/projectgo/pkg/mod/gorm.io/driver/mysql@v1.0.5/mysql.go:68"]}
2021-06-23 18:53:29.236	info	E:/turingcms/server/initialize/ormlogger.go:74	E:/turingcms/server/initialize/database.go:58	{"time": 30.4147, "rows": "-", "sql": "SELECT DATABASE()"}
2021-06-23 18:53:29.299	info	E:/turingcms/server/initialize/ormlogger.go:74	E:/turingcms/server/initialize/database.go:58	{"time": 61.6283, "rows": "-", "sql": "SELECT count(*) FROM information_schema.tables WHERE table_schema = 'dbwebsite' AND table_name = 'turing_user' AND table_type = 'BASE TABLE'"}
2021-06-23 18:53:29.331	info	E:/turingcms/server/initialize/ormlogger.go:74	e:/projectgo/pkg/mod/gorm.io/driver/mysql@v1.0.5/migrator.go:194	{"time": 30.4632, "rows": "-", "sql": "SELECT DATABASE()"}
2021-06-23 18:53:29.394	info	E:/turingcms/server/initialize/ormlogger.go:74	e:/projectgo/pkg/mod/gorm.io/driver/mysql@v1.0.5/migrator.go:203	{"time": 61.871, "rows": "-", "sql": "SELECT column_name, is_nullable, data_type, character_maximum_length, numeric_precision, numeric_scale FROM information_schema.columns WHERE table_schema = 'dbwebsite' AND table_name = 'turing_user'"}
2021-06-23 18:53:29.425	info	E:/turingcms/server/initialize/ormlogger.go:74	E:/turingcms/server/initialize/database.go:58	{"time": 29.4318, "rows": "-", "sql": "SELECT DATABASE()"}
2021-06-23 18:53:29.488	info	E:/turingcms/server/initialize/ormlogger.go:74	E:/turingcms/server/initialize/database.go:58	{"time": 62.2451, "rows": "-", "sql": "SELECT count(*) FROM information_schema.statistics WHERE table_schema = 'dbwebsite' AND table_name = 'turing_user' AND index_name = 'openid'"}
2021-06-23 18:53:29.519	info	E:/turingcms/server/initialize/ormlogger.go:74	E:/turingcms/server/initialize/database.go:58	{"time": 30.4283, "rows": "-", "sql": "SELECT DATABASE()"}
2021-06-23 18:53:29.582	info	E:/turingcms/server/initialize/ormlogger.go:74	E:/turingcms/server/initialize/database.go:58	{"time": 62.0541, "rows": "-", "sql": "SELECT count(*) FROM information_schema.statistics WHERE table_schema = 'dbwebsite' AND table_name = 'turing_user' AND index_name = 'mobile'"}
2021-06-23 18:53:29.614	info	E:/turingcms/server/initialize/ormlogger.go:74	E:/turingcms/server/initialize/database.go:58	{"time": 30.4274, "rows": "-", "sql": "SELECT DATABASE()"}
2021-06-23 18:53:29.676	info	E:/turingcms/server/initialize/ormlogger.go:74	E:/turingcms/server/initialize/database.go:58	{"time": 61.8489, "rows": "-", "sql": "SELECT count(*) FROM information_schema.tables WHERE table_schema = 'dbwebsite' AND table_name = 'turing_weixin' AND table_type = 'BASE TABLE'"}
2021-06-23 18:53:29.708	info	E:/turingcms/server/initialize/ormlogger.go:74	e:/projectgo/pkg/mod/gorm.io/driver/mysql@v1.0.5/migrator.go:194	{"time": 30.4579, "rows": "-", "sql": "SELECT DATABASE()"}
2021-06-23 18:53:29.781	info	E:/turingcms/server/initialize/ormlogger.go:74	e:/projectgo/pkg/mod/gorm.io/driver/mysql@v1.0.5/migrator.go:203	{"time": 72.3067, "rows": "-", "sql": "SELECT column_name, is_nullable, data_type, character_maximum_length, numeric_precision, numeric_scale FROM information_schema.columns WHERE table_schema = 'dbwebsite' AND table_name = 'turing_weixin'"}
2021-06-23 18:53:29.812	info	E:/turingcms/server/initialize/ormlogger.go:74	E:/turingcms/server/initialize/database.go:58	{"time": 31.5587, "rows": "-", "sql": "SELECT DATABASE()"}
2021-06-23 18:53:29.874	info	E:/turingcms/server/initialize/ormlogger.go:74	E:/turingcms/server/initialize/database.go:58	{"time": 62.063, "rows": "-", "sql": "SELECT count(*) FROM information_schema.statistics WHERE table_schema = 'dbwebsite' AND table_name = 'turing_weixin' AND index_name = 'appid'"}
2021-06-23 18:53:29.906	info	E:/turingcms/server/initialize/ormlogger.go:74	E:/turingcms/server/initialize/database.go:58	{"time": 30.4751, "rows": "-", "sql": "SELECT DATABASE()"}
2021-06-23 18:53:29.969	info	E:/turingcms/server/initialize/ormlogger.go:74	E:/turingcms/server/initialize/database.go:58	{"time": 62.1776, "rows": "-", "sql": "SELECT count(*) FROM information_schema.tables WHERE table_schema = 'dbwebsite' AND table_name = 'turing_dict' AND table_type = 'BASE TABLE'"}
2021-06-23 18:53:30.000	info	E:/turingcms/server/initialize/ormlogger.go:74	e:/projectgo/pkg/mod/gorm.io/driver/mysql@v1.0.5/migrator.go:194	{"time": 30.4579, "rows": "-", "sql": "SELECT DATABASE()"}
2021-06-23 18:53:30.064	info	E:/turingcms/server/initialize/ormlogger.go:74	e:/projectgo/pkg/mod/gorm.io/driver/mysql@v1.0.5/migrator.go:203	{"time": 62.6363, "rows": "-", "sql": "SELECT column_name, is_nullable, data_type, character_maximum_length, numeric_precision, numeric_scale FROM information_schema.columns WHERE table_schema = 'dbwebsite' AND table_name = 'turing_dict'"}
2021-06-23 18:53:30.194	info	E:/turingcms/server/initialize/ormlogger.go:76	E:/turingcms/server/service/user.go:19	{"time": 62.464, "rows": 1, "sql": "SELECT * FROM `turing_user` WHERE mobile = '15367151352' ORDER BY `turing_user`.`id` LIMIT 1"}
2021-06-23 18:53:30.202	debug	E:/turingcms/server/initialize/router.go:23	[√]完成控制器解析 
2021-06-23 18:53:30.202	info	E:/turingcms/server/main.go:66	run @	{"port": 8097, "board=": "http://www.techidea8.com/"}
2021-06-23 18:53:48.789	info	E:/turingcms/server/initialize/ormlogger.go:33	replacing callback `%v` from %v
	{"": ["e:/projectgo/pkg/mod/gorm.io/driver/mysql@v1.0.5/mysql.go:68","gorm:update","e:/projectgo/pkg/mod/gorm.io/driver/mysql@v1.0.5/mysql.go:68"]}
2021-06-23 18:53:49.116	info	E:/turingcms/server/initialize/ormlogger.go:74	E:/turingcms/server/initialize/database.go:58	{"time": 43.3473, "rows": "-", "sql": "SELECT DATABASE()"}
2021-06-23 18:53:49.203	info	E:/turingcms/server/initialize/ormlogger.go:74	E:/turingcms/server/initialize/database.go:58	{"time": 86.0862, "rows": "-", "sql": "SELECT count(*) FROM information_schema.tables WHERE table_schema = 'dbwebsite' AND table_name = 'turing_user' AND table_type = 'BASE TABLE'"}
2021-06-23 18:53:49.249	info	E:/turingcms/server/initialize/ormlogger.go:74	e:/projectgo/pkg/mod/gorm.io/driver/mysql@v1.0.5/migrator.go:194	{"time": 44.3941, "rows": "-", "sql": "SELECT DATABASE()"}
2021-06-23 18:53:49.338	info	E:/turingcms/server/initialize/ormlogger.go:74	e:/projectgo/pkg/mod/gorm.io/driver/mysql@v1.0.5/migrator.go:203	{"time": 88.0792, "rows": "-", "sql": "SELECT column_name, is_nullable, data_type, character_maximum_length, numeric_precision, numeric_scale FROM information_schema.columns WHERE table_schema = 'dbwebsite' AND table_name = 'turing_user'"}
2021-06-23 18:53:49.394	info	E:/turingcms/server/initialize/ormlogger.go:74	E:/turingcms/server/initialize/database.go:58	{"time": 42.3966, "rows": "-", "sql": "SELECT DATABASE()"}
2021-06-23 18:53:49.481	info	E:/turingcms/server/initialize/ormlogger.go:74	E:/turingcms/server/initialize/database.go:58	{"time": 85.2862, "rows": "-", "sql": "SELECT count(*) FROM information_schema.statistics WHERE table_schema = 'dbwebsite' AND table_name = 'turing_user' AND index_name = 'openid'"}
2021-06-23 18:53:49.524	info	E:/turingcms/server/initialize/ormlogger.go:74	E:/turingcms/server/initialize/database.go:58	{"time": 42.5836, "rows": "-", "sql": "SELECT DATABASE()"}
2021-06-23 18:53:49.611	info	E:/turingcms/server/initialize/ormlogger.go:74	E:/turingcms/server/initialize/database.go:58	{"time": 86.6937, "rows": "-", "sql": "SELECT count(*) FROM information_schema.statistics WHERE table_schema = 'dbwebsite' AND table_name = 'turing_user' AND index_name = 'mobile'"}
2021-06-23 18:53:49.654	info	E:/turingcms/server/initialize/ormlogger.go:74	E:/turingcms/server/initialize/database.go:58	{"time": 42.431, "rows": "-", "sql": "SELECT DATABASE()"}
2021-06-23 18:53:49.740	info	E:/turingcms/server/initialize/ormlogger.go:74	E:/turingcms/server/initialize/database.go:58	{"time": 86.3265, "rows": "-", "sql": "SELECT count(*) FROM information_schema.tables WHERE table_schema = 'dbwebsite' AND table_name = 'turing_weixin' AND table_type = 'BASE TABLE'"}
2021-06-23 18:53:49.784	info	E:/turingcms/server/initialize/ormlogger.go:74	e:/projectgo/pkg/mod/gorm.io/driver/mysql@v1.0.5/migrator.go:194	{"time": 41.9806, "rows": "-", "sql": "SELECT DATABASE()"}
2021-06-23 18:53:49.871	info	E:/turingcms/server/initialize/ormlogger.go:74	e:/projectgo/pkg/mod/gorm.io/driver/mysql@v1.0.5/migrator.go:203	{"time": 86.7156, "rows": "-", "sql": "SELECT column_name, is_nullable, data_type, character_maximum_length, numeric_precision, numeric_scale FROM information_schema.columns WHERE table_schema = 'dbwebsite' AND table_name = 'turing_weixin'"}
2021-06-23 18:53:49.915	info	E:/turingcms/server/initialize/ormlogger.go:74	E:/turingcms/server/initialize/database.go:58	{"time": 42.3965, "rows": "-", "sql": "SELECT DATABASE()"}
2021-06-23 18:53:50.003	info	E:/turingcms/server/initialize/ormlogger.go:74	E:/turingcms/server/initialize/database.go:58	{"time": 86.9848, "rows": "-", "sql": "SELECT count(*) FROM information_schema.statistics WHERE table_schema = 'dbwebsite' AND table_name = 'turing_weixin' AND index_name = 'appid'"}
2021-06-23 18:53:50.047	info	E:/turingcms/server/initialize/ormlogger.go:74	E:/turingcms/server/initialize/database.go:58	{"time": 43.2568, "rows": "-", "sql": "SELECT DATABASE()"}
2021-06-23 18:53:50.131	info	E:/turingcms/server/initialize/ormlogger.go:74	E:/turingcms/server/initialize/database.go:58	{"time": 83.1706, "rows": "-", "sql": "SELECT count(*) FROM information_schema.tables WHERE table_schema = 'dbwebsite' AND table_name = 'turing_dict' AND table_type = 'BASE TABLE'"}
2021-06-23 18:53:50.180	info	E:/turingcms/server/initialize/ormlogger.go:74	e:/projectgo/pkg/mod/gorm.io/driver/mysql@v1.0.5/migrator.go:194	{"time": 44.2705, "rows": "-", "sql": "SELECT DATABASE()"}
2021-06-23 18:53:50.267	info	E:/turingcms/server/initialize/ormlogger.go:74	e:/projectgo/pkg/mod/gorm.io/driver/mysql@v1.0.5/migrator.go:203	{"time": 86.5404, "rows": "-", "sql": "SELECT column_name, is_nullable, data_type, character_maximum_length, numeric_precision, numeric_scale FROM information_schema.columns WHERE table_schema = 'dbwebsite' AND table_name = 'turing_dict'"}
2021-06-23 18:53:50.426	info	E:/turingcms/server/initialize/ormlogger.go:76	E:/turingcms/server/service/user.go:19	{"time": 88.5478, "rows": 1, "sql": "SELECT * FROM `turing_user` WHERE mobile = '15367151352' ORDER BY `turing_user`.`id` LIMIT 1"}
2021-06-23 18:53:50.436	debug	E:/turingcms/server/initialize/router.go:23	[√]完成控制器解析 
2021-06-23 18:53:50.437	info	E:/turingcms/server/main.go:66	run @	{"port": 8097, "board=": "http://www.techidea8.com/"}
2021-06-23 19:00:04.994	info	E:/turingcms/server/initialize/ormlogger.go:74	e:/projectgo/pkg/mod/gorm.io/driver/sqlite@v1.1.4/migrator.go:32	{"time": 0.5082, "rows": "-", "sql": "SELECT count(*) FROM sqlite_master WHERE type='table' AND name=\"turing_user\""}
2021-06-23 19:00:05.018	info	E:/turingcms/server/initialize/ormlogger.go:76	E:/turingcms/server/initialize/database.go:58	{"time": 6.5536, "rows": 0, "sql": "CREATE TABLE `turing_user` (`id` integer,`create_at` datetime,`update_at` datetime,`delete_at` datetime,`deleted` integer,`head_image` varchar(150),`nick_name` varchar(32),`mobile` varchar(13),`open_id` varchar(40),`passwd` varchar(120),`role` int(11),`charge` int(11) DEFAULT 0,`score` int(11) DEFAULT 0,`expire_at` datetime,PRIMARY KEY (`id`))"}
2021-06-23 19:00:05.046	info	E:/turingcms/server/initialize/ormlogger.go:76	e:/projectgo/pkg/mod/gorm.io/driver/sqlite@v1.1.4/migrator.go:242	{"time": 26.64, "rows": 0, "sql": "CREATE INDEX `mobile` ON `turing_user`(`mobile`)"}
2021-06-23 19:00:05.079	info	E:/turingcms/server/initialize/ormlogger.go:76	e:/projectgo/pkg/mod/gorm.io/driver/sqlite@v1.1.4/migrator.go:242	{"time": 33.5227, "rows": 0, "sql": "CREATE INDEX `openid` ON `turing_user`(`open_id`)"}
2021-06-23 19:00:05.079	info	E:/turingcms/server/initialize/ormlogger.go:74	e:/projectgo/pkg/mod/gorm.io/driver/sqlite@v1.1.4/migrator.go:32	{"time": 0, "rows": "-", "sql": "SELECT count(*) FROM sqlite_master WHERE type='table' AND name=\"turing_weixin\""}
2021-06-23 19:00:05.102	info	E:/turingcms/server/initialize/ormlogger.go:76	E:/turingcms/server/initialize/database.go:58	{"time": 22.6985, "rows": 0, "sql": "CREATE TABLE `turing_weixin` (`id` integer,`create_at` datetime,`update_at` datetime,`delete_at` datetime,`deleted` integer,`app_id` varchar(40),`secret` varchar(60),`token` varchar(120),`mch_id` varchar(40),`cert` varchar(120),`apikey` varchar(120),`name` varchar(120),PRIMARY KEY (`id`))"}
2021-06-23 19:00:05.108	info	E:/turingcms/server/initialize/ormlogger.go:76	e:/projectgo/pkg/mod/gorm.io/driver/sqlite@v1.1.4/migrator.go:242	{"time": 5.423, "rows": 0, "sql": "CREATE INDEX `appid` ON `turing_weixin`(`app_id`)"}
2021-06-23 19:00:05.108	info	E:/turingcms/server/initialize/ormlogger.go:74	e:/projectgo/pkg/mod/gorm.io/driver/sqlite@v1.1.4/migrator.go:32	{"time": 0, "rows": "-", "sql": "SELECT count(*) FROM sqlite_master WHERE type='table' AND name=\"turing_dict\""}
2021-06-23 19:00:05.132	info	E:/turingcms/server/initialize/ormlogger.go:76	E:/turingcms/server/initialize/database.go:58	{"time": 22.0842, "rows": 0, "sql": "CREATE TABLE `turing_dict` (`id` integer,`create_at` datetime,`update_at` datetime,`delete_at` datetime,`deleted` integer,`name` varchar(30),`label` varchar(255),`value` varchar(1024),PRIMARY KEY (`id`))"}
2021-06-23 19:00:05.200	info	E:/turingcms/server/initialize/ormlogger.go:76	E:/turingcms/server/service/user.go:19	{"time": 0, "rows": 0, "sql": "SELECT * FROM `turing_user` WHERE mobile = \"15367151352\" ORDER BY `turing_user`.`id` LIMIT 1"}
2021-06-23 19:00:05.248	info	E:/turingcms/server/initialize/ormlogger.go:76	E:/turingcms/server/initialize/database.go:78	{"time": 47.3381, "rows": 1, "sql": "INSERT INTO `turing_user` (`create_at`,`update_at`,`delete_at`,`deleted`,`head_image`,`nick_name`,`mobile`,`open_id`,`passwd`,`role`,`charge`,`score`,`expire_at`) VALUES (\"2021-06-23 19:00:05\",\"2021-06-23 19:00:05\",\"2021-06-23 19:00:05\",0,\"\",\"\",\"15367151352\",\"\",\"$2a$10$L3K0bEsKwor7pq2sSep38OrmvD4f.ky6sYs6bA9khuWd/1ZwPJiFS\",\"4\",0,0,\"2121-06-23 19:00:05\")"}
2021-06-23 19:00:05.254	debug	E:/turingcms/server/initialize/router.go:23	[√]完成控制器解析 
2021-06-23 19:00:05.255	info	E:/turingcms/server/main.go:66	run @	{"port": 8097, "board=": "http://www.techidea8.com/"}
